2021-05-13 18:42:31.539  INFO 35352 --- [restartedMain] c.a.s.v.VaccineAvailabilityApplication   : Starting VaccineAvailabilityApplication using Java 15.0.2 on LT171-Kankanak with PID 35352 (C:\Users\Kankanak\Documents\Covid-Vaccination-Alert-Application\VaccineAvailability\target\classes started by kankanak in C:\Users\Kankanak\Documents\Covid-Vaccination-Alert-Application\VaccineAvailability)
2021-05-13 18:42:31.540  INFO 35352 --- [restartedMain] c.a.s.v.VaccineAvailabilityApplication   : No active profile set, falling back to default profiles: default
2021-05-13 18:42:31.678  INFO 35352 --- [restartedMain] .s.d.r.c.RepositoryConfigurationDelegate : Bootstrapping Spring Data JPA repositories in DEFAULT mode.
2021-05-13 18:42:31.688  INFO 35352 --- [restartedMain] .s.d.r.c.RepositoryConfigurationDelegate : Finished Spring Data repository scanning in 9 ms. Found 1 JPA repository interfaces.
2021-05-13 18:42:31.754  INFO 35352 --- [restartedMain] o.s.b.w.embedded.tomcat.TomcatWebServer  : Tomcat initialized with port(s): 8080 (http)
2021-05-13 18:42:31.755  INFO 35352 --- [restartedMain] o.apache.catalina.core.StandardService   : Starting service [Tomcat]
2021-05-13 18:42:31.755  INFO 35352 --- [restartedMain] org.apache.catalina.core.StandardEngine  : Starting Servlet engine: [Apache Tomcat/9.0.45]
2021-05-13 18:42:31.786  INFO 35352 --- [restartedMain] o.a.c.c.C.[Tomcat].[localhost].[/]       : Initializing Spring embedded WebApplicationContext
2021-05-13 18:42:31.786  INFO 35352 --- [restartedMain] w.s.c.ServletWebServerApplicationContext : Root WebApplicationContext: initialization completed in 244 ms
2021-05-13 18:42:31.799  INFO 35352 --- [restartedMain] com.zaxxer.hikari.HikariDataSource       : HikariPool-4 - Starting...
2021-05-13 18:42:31.800  INFO 35352 --- [restartedMain] com.zaxxer.hikari.HikariDataSource       : HikariPool-4 - Start completed.
2021-05-13 18:42:31.800  INFO 35352 --- [restartedMain] o.s.b.a.h2.H2ConsoleAutoConfiguration    : H2 console available at '/h2-console'. Database available at 'jdbc:h2:file:~/testdb'
2021-05-13 18:42:31.817  INFO 35352 --- [restartedMain] o.hibernate.jpa.internal.util.LogHelper  : HHH000204: Processing PersistenceUnitInfo [name: default]
2021-05-13 18:42:31.821  INFO 35352 --- [restartedMain] org.hibernate.dialect.Dialect            : HHH000400: Using dialect: org.hibernate.dialect.H2Dialect
2021-05-13 18:42:31.842  INFO 35352 --- [restartedMain] o.h.e.t.j.p.i.JtaPlatformInitiator       : HHH000490: Using JtaPlatform implementation: [org.hibernate.engine.transaction.jta.platform.internal.NoJtaPlatform]
2021-05-13 18:42:31.842  INFO 35352 --- [restartedMain] j.LocalContainerEntityManagerFactoryBean : Initialized JPA EntityManagerFactory for persistence unit 'default'
2021-05-13 18:42:31.854  INFO 35352 --- [restartedMain] o.s.b.d.a.OptionalLiveReloadServer       : LiveReload server is running on port 35729
2021-05-13 18:42:31.909  INFO 35352 --- [restartedMain] o.s.s.concurrent.ThreadPoolTaskExecutor  : Initializing ExecutorService 'threadPoolTaskExecutor'
2021-05-13 18:42:31.918  WARN 35352 --- [restartedMain] JpaBaseConfiguration$JpaWebConfiguration : spring.jpa.open-in-view is enabled by default. Therefore, database queries may be performed during view rendering. Explicitly configure spring.jpa.open-in-view to disable this warning
2021-05-13 18:42:31.984  INFO 35352 --- [restartedMain] o.s.s.c.ThreadPoolTaskScheduler          : Initializing ExecutorService 'taskScheduler'
2021-05-13 18:42:31.996  INFO 35352 --- [restartedMain] o.s.b.w.embedded.tomcat.TomcatWebServer  : Tomcat started on port(s): 8080 (http) with context path ''
2021-05-13 18:42:31.999  INFO 35352 --- [restartedMain] c.a.s.v.VaccineAvailabilityApplication   : Started VaccineAvailabilityApplication in 0.489 seconds (JVM running for 151.972)
2021-05-13 18:42:32.000  INFO 35352 --- [restartedMain] .ConditionEvaluationDeltaLoggingListener : Condition evaluation unchanged
2021-05-13 18:43:00.001  INFO 35352 --- [scheduling-1] c.a.s.v.service.SchedulerService         : Executing Scheduler Service
2021-05-13 18:43:00.024  INFO 35352 --- [ForkJoinPool.commonPool-worker-27] c.a.s.v.service.RestCallService          : URL: https://cdn-api.co-vin.in/api/v2/appointment/sessions/public/calendarByDistrict?district_id=54&date=13-05-2021
2021-05-13 18:43:00.024  INFO 35352 --- [ForkJoinPool.commonPool-worker-5] c.a.s.v.service.RestCallService          : URL: https://cdn-api.co-vin.in/api/v2/appointment/sessions/public/calendarByDistrict?district_id=54&date=13-05-2021
2021-05-13 18:43:00.024  INFO 35352 --- [ForkJoinPool.commonPool-worker-19] c.a.s.v.service.RestCallService          : URL: https://cdn-api.co-vin.in/api/v2/appointment/sessions/public/calendarByDistrict?district_id=314001&date=13-05-2021
2021-05-13 18:43:00.024  INFO 35352 --- [scheduling-1] c.a.s.v.service.RestCallService          : URL: https://cdn-api.co-vin.in/api/v2/appointment/sessions/public/calendarByDistrict?district_id=314001&date=13-05-2021
2021-05-13 18:43:00.024  INFO 35352 --- [ForkJoinPool.commonPool-worker-23] c.a.s.v.service.RestCallService          : URL: https://cdn-api.co-vin.in/api/v2/appointment/sessions/public/calendarByDistrict?district_id=314001&date=13-05-2021
2021-05-13 18:43:00.024  INFO 35352 --- [ForkJoinPool.commonPool-worker-27] c.a.s.v.service.RestCallService          : Get Vaccination Information call with headers: {} <,[user-agent:"Mozilla/5.0 (Windows NT 10.0; Win64; x64) AppleWebKit/537.36 (KHTML, like Gecko) Chrome/54.0.2840.99 Safari/537.36", Accept:"application/json"]>
2021-05-13 18:43:00.024  INFO 35352 --- [scheduling-1] c.a.s.v.service.RestCallService          : Get Vaccination Information call with headers: {} <,[user-agent:"Mozilla/5.0 (Windows NT 10.0; Win64; x64) AppleWebKit/537.36 (KHTML, like Gecko) Chrome/54.0.2840.99 Safari/537.36", Accept:"application/json"]>
2021-05-13 18:43:00.024  INFO 35352 --- [ForkJoinPool.commonPool-worker-19] c.a.s.v.service.RestCallService          : Get Vaccination Information call with headers: {} <,[user-agent:"Mozilla/5.0 (Windows NT 10.0; Win64; x64) AppleWebKit/537.36 (KHTML, like Gecko) Chrome/54.0.2840.99 Safari/537.36", Accept:"application/json"]>
2021-05-13 18:43:00.024  INFO 35352 --- [ForkJoinPool.commonPool-worker-5] c.a.s.v.service.RestCallService          : Get Vaccination Information call with headers: {} <,[user-agent:"Mozilla/5.0 (Windows NT 10.0; Win64; x64) AppleWebKit/537.36 (KHTML, like Gecko) Chrome/54.0.2840.99 Safari/537.36", Accept:"application/json"]>
2021-05-13 18:43:00.024  INFO 35352 --- [ForkJoinPool.commonPool-worker-23] c.a.s.v.service.RestCallService          : Get Vaccination Information call with headers: {} <,[user-agent:"Mozilla/5.0 (Windows NT 10.0; Win64; x64) AppleWebKit/537.36 (KHTML, like Gecko) Chrome/54.0.2840.99 Safari/537.36", Accept:"application/json"]>
2021-05-13 18:43:00.164  INFO 35352 --- [ForkJoinPool.commonPool-worker-19] c.a.s.v.service.RestCallService          : Response Received with status: 200 OK
2021-05-13 18:43:00.165  INFO 35352 --- [ForkJoinPool.commonPool-worker-23] c.a.s.v.service.RestCallService          : Response Received with status: 200 OK
2021-05-13 18:43:00.174  INFO 35352 --- [ForkJoinPool.commonPool-worker-27] c.a.s.v.service.RestCallService          : Response Received with status: 200 OK
2021-05-13 18:43:00.175  INFO 35352 --- [ForkJoinPool.commonPool-worker-5] c.a.s.v.service.RestCallService          : Response Received with status: 200 OK
2021-05-13 18:43:00.176  INFO 35352 --- [ForkJoinPool.commonPool-worker-5] c.a.s.v.service.RestCallService          : No Slots Found
2021-05-13 18:43:00.176  INFO 35352 --- [ForkJoinPool.commonPool-worker-27] c.a.s.v.service.RestCallService          : No Slots Found
2021-05-13 18:43:00.204  INFO 35352 --- [scheduling-1] c.a.s.v.service.RestCallService          : Response Received with status: 200 OK
2021-05-13 18:43:30.009  INFO 35352 --- [scheduling-1] c.a.s.v.service.SchedulerService         : Executing Scheduler Service
2021-05-13 18:43:30.015  INFO 35352 --- [scheduling-1] c.a.s.v.service.RestCallService          : URL: https://cdn-api.co-vin.in/api/v2/appointment/sessions/public/calendarByDistrict?district_id=314001&date=13-05-2021
2021-05-13 18:43:30.015  INFO 35352 --- [ForkJoinPool.commonPool-worker-27] c.a.s.v.service.RestCallService          : URL: https://cdn-api.co-vin.in/api/v2/appointment/sessions/public/calendarByDistrict?district_id=314001&date=13-05-2021
2021-05-13 18:43:30.015  INFO 35352 --- [scheduling-1] c.a.s.v.service.RestCallService          : Get Vaccination Information call with headers: {} <,[user-agent:"Mozilla/5.0 (Windows NT 10.0; Win64; x64) AppleWebKit/537.36 (KHTML, like Gecko) Chrome/54.0.2840.99 Safari/537.36", Accept:"application/json"]>
2021-05-13 18:43:30.015  INFO 35352 --- [ForkJoinPool.commonPool-worker-19] c.a.s.v.service.RestCallService          : URL: https://cdn-api.co-vin.in/api/v2/appointment/sessions/public/calendarByDistrict?district_id=54&date=13-05-2021
2021-05-13 18:43:30.015  INFO 35352 --- [ForkJoinPool.commonPool-worker-23] c.a.s.v.service.RestCallService          : URL: https://cdn-api.co-vin.in/api/v2/appointment/sessions/public/calendarByDistrict?district_id=314001&date=13-05-2021
2021-05-13 18:43:30.015  INFO 35352 --- [ForkJoinPool.commonPool-worker-5] c.a.s.v.service.RestCallService          : URL: https://cdn-api.co-vin.in/api/v2/appointment/sessions/public/calendarByDistrict?district_id=54&date=13-05-2021
2021-05-13 18:43:30.016  INFO 35352 --- [ForkJoinPool.commonPool-worker-23] c.a.s.v.service.RestCallService          : Get Vaccination Information call with headers: {} <,[user-agent:"Mozilla/5.0 (Windows NT 10.0; Win64; x64) AppleWebKit/537.36 (KHTML, like Gecko) Chrome/54.0.2840.99 Safari/537.36", Accept:"application/json"]>
2021-05-13 18:43:30.016  INFO 35352 --- [ForkJoinPool.commonPool-worker-5] c.a.s.v.service.RestCallService          : Get Vaccination Information call with headers: {} <,[user-agent:"Mozilla/5.0 (Windows NT 10.0; Win64; x64) AppleWebKit/537.36 (KHTML, like Gecko) Chrome/54.0.2840.99 Safari/537.36", Accept:"application/json"]>
2021-05-13 18:43:30.016  INFO 35352 --- [ForkJoinPool.commonPool-worker-19] c.a.s.v.service.RestCallService          : Get Vaccination Information call with headers: {} <,[user-agent:"Mozilla/5.0 (Windows NT 10.0; Win64; x64) AppleWebKit/537.36 (KHTML, like Gecko) Chrome/54.0.2840.99 Safari/537.36", Accept:"application/json"]>
2021-05-13 18:43:30.016  INFO 35352 --- [ForkJoinPool.commonPool-worker-27] c.a.s.v.service.RestCallService          : Get Vaccination Information call with headers: {} <,[user-agent:"Mozilla/5.0 (Windows NT 10.0; Win64; x64) AppleWebKit/537.36 (KHTML, like Gecko) Chrome/54.0.2840.99 Safari/537.36", Accept:"application/json"]>
2021-05-13 18:43:30.166  INFO 35352 --- [ForkJoinPool.commonPool-worker-23] c.a.s.v.service.RestCallService          : Response Received with status: 200 OK
2021-05-13 18:43:30.176  INFO 35352 --- [scheduling-1] c.a.s.v.service.RestCallService          : Response Received with status: 200 OK
2021-05-13 18:43:30.178  INFO 35352 --- [ForkJoinPool.commonPool-worker-27] c.a.s.v.service.RestCallService          : Response Received with status: 200 OK
2021-05-13 18:43:30.178  INFO 35352 --- [ForkJoinPool.commonPool-worker-5] c.a.s.v.service.RestCallService          : Response Received with status: 200 OK
2021-05-13 18:43:30.178  INFO 35352 --- [ForkJoinPool.commonPool-worker-5] c.a.s.v.service.RestCallService          : No Slots Found
2021-05-13 18:43:30.179  INFO 35352 --- [ForkJoinPool.commonPool-worker-19] c.a.s.v.service.RestCallService          : Response Received with status: 200 OK
2021-05-13 18:43:30.179  INFO 35352 --- [ForkJoinPool.commonPool-worker-19] c.a.s.v.service.RestCallService          : No Slots Found
2021-05-13 18:43:44.892  INFO 35352 --- [Thread-18] o.s.s.c.ThreadPoolTaskScheduler          : Shutting down ExecutorService 'taskScheduler'
2021-05-13 18:43:44.893  INFO 35352 --- [Thread-18] o.s.s.concurrent.ThreadPoolTaskExecutor  : Shutting down ExecutorService 'threadPoolTaskExecutor'
2021-05-13 18:43:44.893  INFO 35352 --- [Thread-18] j.LocalContainerEntityManagerFactoryBean : Closing JPA EntityManagerFactory for persistence unit 'default'
2021-05-13 18:43:44.894  INFO 35352 --- [Thread-18] com.zaxxer.hikari.HikariDataSource       : HikariPool-4 - Shutdown initiated...
2021-05-13 18:43:44.895  INFO 35352 --- [Thread-18] com.zaxxer.hikari.HikariDataSource       : HikariPool-4 - Shutdown completed.
2021-05-13 18:44:53.030  INFO 35352 --- [restartedMain] c.a.s.v.VaccineAvailabilityApplication   : Starting VaccineAvailabilityApplication using Java 15.0.2 on LT171-Kankanak with PID 35352 (C:\Users\Kankanak\Documents\Covid-Vaccination-Alert-Application\VaccineAvailability\target\classes started by kankanak in C:\Users\Kankanak\Documents\Covid-Vaccination-Alert-Application\VaccineAvailability)
2021-05-13 18:44:53.031  INFO 35352 --- [restartedMain] c.a.s.v.VaccineAvailabilityApplication   : No active profile set, falling back to default profiles: default
2021-05-13 18:44:53.161  INFO 35352 --- [restartedMain] .s.d.r.c.RepositoryConfigurationDelegate : Bootstrapping Spring Data JPA repositories in DEFAULT mode.
2021-05-13 18:44:53.170  INFO 35352 --- [restartedMain] .s.d.r.c.RepositoryConfigurationDelegate : Finished Spring Data repository scanning in 9 ms. Found 1 JPA repository interfaces.
2021-05-13 18:44:53.231  INFO 35352 --- [restartedMain] o.s.b.w.embedded.tomcat.TomcatWebServer  : Tomcat initialized with port(s): 8080 (http)
2021-05-13 18:44:53.232  INFO 35352 --- [restartedMain] o.apache.catalina.core.StandardService   : Starting service [Tomcat]
2021-05-13 18:44:53.232  INFO 35352 --- [restartedMain] org.apache.catalina.core.StandardEngine  : Starting Servlet engine: [Apache Tomcat/9.0.45]
2021-05-13 18:44:53.249  INFO 35352 --- [restartedMain] o.a.c.c.C.[Tomcat].[localhost].[/]       : Initializing Spring embedded WebApplicationContext
2021-05-13 18:44:53.249  INFO 35352 --- [restartedMain] w.s.c.ServletWebServerApplicationContext : Root WebApplicationContext: initialization completed in 217 ms
2021-05-13 18:44:53.262  INFO 35352 --- [restartedMain] com.zaxxer.hikari.HikariDataSource       : HikariPool-9 - Starting...
2021-05-13 18:44:53.263  INFO 35352 --- [restartedMain] com.zaxxer.hikari.HikariDataSource       : HikariPool-9 - Start completed.
2021-05-13 18:44:53.263  INFO 35352 --- [restartedMain] o.s.b.a.h2.H2ConsoleAutoConfiguration    : H2 console available at '/h2-console'. Database available at 'jdbc:h2:file:~/testdb'
2021-05-13 18:44:53.280  INFO 35352 --- [restartedMain] o.hibernate.jpa.internal.util.LogHelper  : HHH000204: Processing PersistenceUnitInfo [name: default]
2021-05-13 18:44:53.283  INFO 35352 --- [restartedMain] org.hibernate.dialect.Dialect            : HHH000400: Using dialect: org.hibernate.dialect.H2Dialect
2021-05-13 18:44:53.303  INFO 35352 --- [restartedMain] o.h.e.t.j.p.i.JtaPlatformInitiator       : HHH000490: Using JtaPlatform implementation: [org.hibernate.engine.transaction.jta.platform.internal.NoJtaPlatform]
2021-05-13 18:44:53.303  INFO 35352 --- [restartedMain] j.LocalContainerEntityManagerFactoryBean : Initialized JPA EntityManagerFactory for persistence unit 'default'
2021-05-13 18:44:53.314  INFO 35352 --- [restartedMain] o.s.b.d.a.OptionalLiveReloadServer       : LiveReload server is running on port 35729
2021-05-13 18:44:53.368  INFO 35352 --- [restartedMain] o.s.s.concurrent.ThreadPoolTaskExecutor  : Initializing ExecutorService 'threadPoolTaskExecutor'
2021-05-13 18:44:53.378  WARN 35352 --- [restartedMain] JpaBaseConfiguration$JpaWebConfiguration : spring.jpa.open-in-view is enabled by default. Therefore, database queries may be performed during view rendering. Explicitly configure spring.jpa.open-in-view to disable this warning
2021-05-13 18:44:53.440  INFO 35352 --- [restartedMain] o.s.s.c.ThreadPoolTaskScheduler          : Initializing ExecutorService 'taskScheduler'
2021-05-13 18:44:53.452  INFO 35352 --- [restartedMain] o.s.b.w.embedded.tomcat.TomcatWebServer  : Tomcat started on port(s): 8080 (http) with context path ''
2021-05-13 18:44:53.455  INFO 35352 --- [restartedMain] c.a.s.v.VaccineAvailabilityApplication   : Started VaccineAvailabilityApplication in 0.453 seconds (JVM running for 293.428)
2021-05-13 18:44:53.456  INFO 35352 --- [restartedMain] .ConditionEvaluationDeltaLoggingListener : Condition evaluation unchanged
2021-05-13 18:45:00.007  INFO 35352 --- [scheduling-1] c.a.s.v.service.SchedulerService         : Executing Scheduler Service
2021-05-13 18:45:00.028  INFO 35352 --- [scheduling-1] c.a.s.v.service.RestCallService          : URL: https://cdn-api.co-vin.in/api/v2/appointment/sessions/public/calendarByDistrict?district_id=314001&date=13-05-2021
2021-05-13 18:45:00.028  INFO 35352 --- [ForkJoinPool.commonPool-worker-19] c.a.s.v.service.RestCallService          : URL: https://cdn-api.co-vin.in/api/v2/appointment/sessions/public/calendarByDistrict?district_id=314001&date=13-05-2021
2021-05-13 18:45:00.028  INFO 35352 --- [ForkJoinPool.commonPool-worker-5] c.a.s.v.service.RestCallService          : URL: https://cdn-api.co-vin.in/api/v2/appointment/sessions/public/calendarByDistrict?district_id=314001&date=13-05-2021
2021-05-13 18:45:00.028  INFO 35352 --- [ForkJoinPool.commonPool-worker-27] c.a.s.v.service.RestCallService          : URL: https://cdn-api.co-vin.in/api/v2/appointment/sessions/public/calendarByDistrict?district_id=54&date=13-05-2021
2021-05-13 18:45:00.029  INFO 35352 --- [ForkJoinPool.commonPool-worker-19] c.a.s.v.service.RestCallService          : Get Vaccination Information call with headers: {} <,[user-agent:"Mozilla/5.0 (Windows NT 10.0; Win64; x64) AppleWebKit/537.36 (KHTML, like Gecko) Chrome/54.0.2840.99 Safari/537.36", Accept:"application/json"]>
2021-05-13 18:45:00.029  INFO 35352 --- [scheduling-1] c.a.s.v.service.RestCallService          : Get Vaccination Information call with headers: {} <,[user-agent:"Mozilla/5.0 (Windows NT 10.0; Win64; x64) AppleWebKit/537.36 (KHTML, like Gecko) Chrome/54.0.2840.99 Safari/537.36", Accept:"application/json"]>
2021-05-13 18:45:00.029  INFO 35352 --- [ForkJoinPool.commonPool-worker-5] c.a.s.v.service.RestCallService          : Get Vaccination Information call with headers: {} <,[user-agent:"Mozilla/5.0 (Windows NT 10.0; Win64; x64) AppleWebKit/537.36 (KHTML, like Gecko) Chrome/54.0.2840.99 Safari/537.36", Accept:"application/json"]>
2021-05-13 18:45:00.028  INFO 35352 --- [ForkJoinPool.commonPool-worker-23] c.a.s.v.service.RestCallService          : URL: https://cdn-api.co-vin.in/api/v2/appointment/sessions/public/calendarByDistrict?district_id=54&date=13-05-2021
2021-05-13 18:45:00.029  INFO 35352 --- [ForkJoinPool.commonPool-worker-27] c.a.s.v.service.RestCallService          : Get Vaccination Information call with headers: {} <,[user-agent:"Mozilla/5.0 (Windows NT 10.0; Win64; x64) AppleWebKit/537.36 (KHTML, like Gecko) Chrome/54.0.2840.99 Safari/537.36", Accept:"application/json"]>
2021-05-13 18:45:00.029  INFO 35352 --- [ForkJoinPool.commonPool-worker-23] c.a.s.v.service.RestCallService          : Get Vaccination Information call with headers: {} <,[user-agent:"Mozilla/5.0 (Windows NT 10.0; Win64; x64) AppleWebKit/537.36 (KHTML, like Gecko) Chrome/54.0.2840.99 Safari/537.36", Accept:"application/json"]>
2021-05-13 18:45:00.125  INFO 35352 --- [ForkJoinPool.commonPool-worker-27] c.a.s.v.service.RestCallService          : Response Received with status: 200 OK
2021-05-13 18:45:00.125  INFO 35352 --- [ForkJoinPool.commonPool-worker-27] c.a.s.v.service.RestCallService          : No Slots Found
2021-05-13 18:45:00.127  INFO 35352 --- [ForkJoinPool.commonPool-worker-23] c.a.s.v.service.RestCallService          : Response Received with status: 200 OK
2021-05-13 18:45:00.127  INFO 35352 --- [ForkJoinPool.commonPool-worker-23] c.a.s.v.service.RestCallService          : No Slots Found
2021-05-13 18:45:00.142  INFO 35352 --- [ForkJoinPool.commonPool-worker-19] c.a.s.v.service.RestCallService          : Response Received with status: 200 OK
2021-05-13 18:45:00.143  INFO 35352 --- [ForkJoinPool.commonPool-worker-5] c.a.s.v.service.RestCallService          : Response Received with status: 200 OK
2021-05-13 18:45:00.143  INFO 35352 --- [scheduling-1] c.a.s.v.service.RestCallService          : Response Received with status: 200 OK
2021-05-13 18:45:30.003  INFO 35352 --- [scheduling-1] c.a.s.v.service.SchedulerService         : Executing Scheduler Service
2021-05-13 18:45:30.007  INFO 35352 --- [scheduling-1] c.a.s.v.service.RestCallService          : URL: https://cdn-api.co-vin.in/api/v2/appointment/sessions/public/calendarByDistrict?district_id=314001&date=13-05-2021
2021-05-13 18:45:30.008  INFO 35352 --- [ForkJoinPool.commonPool-worker-5] c.a.s.v.service.RestCallService          : URL: https://cdn-api.co-vin.in/api/v2/appointment/sessions/public/calendarByDistrict?district_id=314001&date=13-05-2021
2021-05-13 18:45:30.008  INFO 35352 --- [ForkJoinPool.commonPool-worker-19] c.a.s.v.service.RestCallService          : URL: https://cdn-api.co-vin.in/api/v2/appointment/sessions/public/calendarByDistrict?district_id=54&date=13-05-2021
2021-05-13 18:45:30.008  INFO 35352 --- [scheduling-1] c.a.s.v.service.RestCallService          : Get Vaccination Information call with headers: {} <,[user-agent:"Mozilla/5.0 (Windows NT 10.0; Win64; x64) AppleWebKit/537.36 (KHTML, like Gecko) Chrome/54.0.2840.99 Safari/537.36", Accept:"application/json"]>
2021-05-13 18:45:30.008  INFO 35352 --- [ForkJoinPool.commonPool-worker-23] c.a.s.v.service.RestCallService          : URL: https://cdn-api.co-vin.in/api/v2/appointment/sessions/public/calendarByDistrict?district_id=314001&date=13-05-2021
2021-05-13 18:45:30.009  INFO 35352 --- [ForkJoinPool.commonPool-worker-23] c.a.s.v.service.RestCallService          : Get Vaccination Information call with headers: {} <,[user-agent:"Mozilla/5.0 (Windows NT 10.0; Win64; x64) AppleWebKit/537.36 (KHTML, like Gecko) Chrome/54.0.2840.99 Safari/537.36", Accept:"application/json"]>
2021-05-13 18:45:30.008  INFO 35352 --- [ForkJoinPool.commonPool-worker-27] c.a.s.v.service.RestCallService          : URL: https://cdn-api.co-vin.in/api/v2/appointment/sessions/public/calendarByDistrict?district_id=54&date=13-05-2021
2021-05-13 18:45:30.009  INFO 35352 --- [ForkJoinPool.commonPool-worker-19] c.a.s.v.service.RestCallService          : Get Vaccination Information call with headers: {} <,[user-agent:"Mozilla/5.0 (Windows NT 10.0; Win64; x64) AppleWebKit/537.36 (KHTML, like Gecko) Chrome/54.0.2840.99 Safari/537.36", Accept:"application/json"]>
2021-05-13 18:45:30.009  INFO 35352 --- [ForkJoinPool.commonPool-worker-5] c.a.s.v.service.RestCallService          : Get Vaccination Information call with headers: {} <,[user-agent:"Mozilla/5.0 (Windows NT 10.0; Win64; x64) AppleWebKit/537.36 (KHTML, like Gecko) Chrome/54.0.2840.99 Safari/537.36", Accept:"application/json"]>
2021-05-13 18:45:30.010  INFO 35352 --- [ForkJoinPool.commonPool-worker-27] c.a.s.v.service.RestCallService          : Get Vaccination Information call with headers: {} <,[user-agent:"Mozilla/5.0 (Windows NT 10.0; Win64; x64) AppleWebKit/537.36 (KHTML, like Gecko) Chrome/54.0.2840.99 Safari/537.36", Accept:"application/json"]>
2021-05-13 18:45:30.138  INFO 35352 --- [scheduling-1] c.a.s.v.service.RestCallService          : Response Received with status: 200 OK
2021-05-13 18:45:30.139  INFO 35352 --- [ForkJoinPool.commonPool-worker-23] c.a.s.v.service.RestCallService          : Response Received with status: 200 OK
2021-05-13 18:45:30.153  INFO 35352 --- [ForkJoinPool.commonPool-worker-5] c.a.s.v.service.RestCallService          : Response Received with status: 200 OK
2021-05-13 18:45:30.154  INFO 35352 --- [ForkJoinPool.commonPool-worker-27] c.a.s.v.service.RestCallService          : Response Received with status: 200 OK
2021-05-13 18:45:30.154  INFO 35352 --- [ForkJoinPool.commonPool-worker-27] c.a.s.v.service.RestCallService          : No Slots Found
2021-05-13 18:45:30.154  INFO 35352 --- [ForkJoinPool.commonPool-worker-19] c.a.s.v.service.RestCallService          : Response Received with status: 200 OK
2021-05-13 18:45:30.154  INFO 35352 --- [ForkJoinPool.commonPool-worker-19] c.a.s.v.service.RestCallService          : No Slots Found
2021-05-13 18:46:00.011  INFO 35352 --- [scheduling-1] c.a.s.v.service.SchedulerService         : Executing Scheduler Service
2021-05-13 18:46:00.016  INFO 35352 --- [scheduling-1] c.a.s.v.service.RestCallService          : URL: https://cdn-api.co-vin.in/api/v2/appointment/sessions/public/calendarByDistrict?district_id=314001&date=13-05-2021
2021-05-13 18:46:00.016  INFO 35352 --- [ForkJoinPool.commonPool-worker-19] c.a.s.v.service.RestCallService          : URL: https://cdn-api.co-vin.in/api/v2/appointment/sessions/public/calendarByDistrict?district_id=314001&date=13-05-2021
2021-05-13 18:46:00.016  INFO 35352 --- [ForkJoinPool.commonPool-worker-5] c.a.s.v.service.RestCallService          : URL: https://cdn-api.co-vin.in/api/v2/appointment/sessions/public/calendarByDistrict?district_id=314001&date=13-05-2021
2021-05-13 18:46:00.017  INFO 35352 --- [ForkJoinPool.commonPool-worker-27] c.a.s.v.service.RestCallService          : URL: https://cdn-api.co-vin.in/api/v2/appointment/sessions/public/calendarByDistrict?district_id=54&date=13-05-2021
2021-05-13 18:46:00.017  INFO 35352 --- [ForkJoinPool.commonPool-worker-5] c.a.s.v.service.RestCallService          : Get Vaccination Information call with headers: {} <,[user-agent:"Mozilla/5.0 (Windows NT 10.0; Win64; x64) AppleWebKit/537.36 (KHTML, like Gecko) Chrome/54.0.2840.99 Safari/537.36", Accept:"application/json"]>
2021-05-13 18:46:00.017  INFO 35352 --- [ForkJoinPool.commonPool-worker-23] c.a.s.v.service.RestCallService          : URL: https://cdn-api.co-vin.in/api/v2/appointment/sessions/public/calendarByDistrict?district_id=54&date=13-05-2021
2021-05-13 18:46:00.017  INFO 35352 --- [ForkJoinPool.commonPool-worker-19] c.a.s.v.service.RestCallService          : Get Vaccination Information call with headers: {} <,[user-agent:"Mozilla/5.0 (Windows NT 10.0; Win64; x64) AppleWebKit/537.36 (KHTML, like Gecko) Chrome/54.0.2840.99 Safari/537.36", Accept:"application/json"]>
2021-05-13 18:46:00.017  INFO 35352 --- [ForkJoinPool.commonPool-worker-27] c.a.s.v.service.RestCallService          : Get Vaccination Information call with headers: {} <,[user-agent:"Mozilla/5.0 (Windows NT 10.0; Win64; x64) AppleWebKit/537.36 (KHTML, like Gecko) Chrome/54.0.2840.99 Safari/537.36", Accept:"application/json"]>
2021-05-13 18:46:00.017  INFO 35352 --- [scheduling-1] c.a.s.v.service.RestCallService          : Get Vaccination Information call with headers: {} <,[user-agent:"Mozilla/5.0 (Windows NT 10.0; Win64; x64) AppleWebKit/537.36 (KHTML, like Gecko) Chrome/54.0.2840.99 Safari/537.36", Accept:"application/json"]>
2021-05-13 18:46:00.017  INFO 35352 --- [ForkJoinPool.commonPool-worker-23] c.a.s.v.service.RestCallService          : Get Vaccination Information call with headers: {} <,[user-agent:"Mozilla/5.0 (Windows NT 10.0; Win64; x64) AppleWebKit/537.36 (KHTML, like Gecko) Chrome/54.0.2840.99 Safari/537.36", Accept:"application/json"]>
2021-05-13 18:46:00.108  INFO 35352 --- [scheduling-1] c.a.s.v.service.RestCallService          : Response Received with status: 200 OK
2021-05-13 18:46:00.109  INFO 35352 --- [ForkJoinPool.commonPool-worker-5] c.a.s.v.service.RestCallService          : Response Received with status: 200 OK
2021-05-13 18:46:00.109  INFO 35352 --- [ForkJoinPool.commonPool-worker-23] c.a.s.v.service.RestCallService          : Response Received with status: 200 OK
2021-05-13 18:46:00.109  INFO 35352 --- [ForkJoinPool.commonPool-worker-23] c.a.s.v.service.RestCallService          : No Slots Found
2021-05-13 18:46:00.130  INFO 35352 --- [ForkJoinPool.commonPool-worker-19] c.a.s.v.service.RestCallService          : Response Received with status: 200 OK
2021-05-13 18:46:00.131  INFO 35352 --- [ForkJoinPool.commonPool-worker-27] c.a.s.v.service.RestCallService          : Response Received with status: 200 OK
2021-05-13 18:46:00.131  INFO 35352 --- [ForkJoinPool.commonPool-worker-27] c.a.s.v.service.RestCallService          : No Slots Found
2021-05-13 18:46:13.487  INFO 35352 --- [Thread-43] o.s.s.c.ThreadPoolTaskScheduler          : Shutting down ExecutorService 'taskScheduler'
2021-05-13 18:46:13.488  INFO 35352 --- [Thread-43] o.s.s.concurrent.ThreadPoolTaskExecutor  : Shutting down ExecutorService 'threadPoolTaskExecutor'
2021-05-13 18:46:13.489  INFO 35352 --- [Thread-43] j.LocalContainerEntityManagerFactoryBean : Closing JPA EntityManagerFactory for persistence unit 'default'
2021-05-13 18:46:13.490  INFO 35352 --- [Thread-43] com.zaxxer.hikari.HikariDataSource       : HikariPool-9 - Shutdown initiated...
2021-05-13 18:46:13.492  INFO 35352 --- [Thread-43] com.zaxxer.hikari.HikariDataSource       : HikariPool-9 - Shutdown completed.
2021-05-13 18:46:13.615  INFO 35352 --- [restartedMain] c.a.s.v.VaccineAvailabilityApplication   : Starting VaccineAvailabilityApplication using Java 15.0.2 on LT171-Kankanak with PID 35352 (C:\Users\Kankanak\Documents\Covid-Vaccination-Alert-Application\VaccineAvailability\target\classes started by kankanak in C:\Users\Kankanak\Documents\Covid-Vaccination-Alert-Application\VaccineAvailability)
2021-05-13 18:46:13.615  INFO 35352 --- [restartedMain] c.a.s.v.VaccineAvailabilityApplication   : No active profile set, falling back to default profiles: default
2021-05-13 18:46:13.746  INFO 35352 --- [restartedMain] .s.d.r.c.RepositoryConfigurationDelegate : Bootstrapping Spring Data JPA repositories in DEFAULT mode.
2021-05-13 18:46:13.756  INFO 35352 --- [restartedMain] .s.d.r.c.RepositoryConfigurationDelegate : Finished Spring Data repository scanning in 9 ms. Found 1 JPA repository interfaces.
2021-05-13 18:46:13.818  INFO 35352 --- [restartedMain] o.s.b.w.embedded.tomcat.TomcatWebServer  : Tomcat initialized with port(s): 8080 (http)
2021-05-13 18:46:13.819  INFO 35352 --- [restartedMain] o.apache.catalina.core.StandardService   : Starting service [Tomcat]
2021-05-13 18:46:13.819  INFO 35352 --- [restartedMain] org.apache.catalina.core.StandardEngine  : Starting Servlet engine: [Apache Tomcat/9.0.45]
2021-05-13 18:46:13.836  INFO 35352 --- [restartedMain] o.a.c.c.C.[Tomcat].[localhost].[/]       : Initializing Spring embedded WebApplicationContext
2021-05-13 18:46:13.836  INFO 35352 --- [restartedMain] w.s.c.ServletWebServerApplicationContext : Root WebApplicationContext: initialization completed in 219 ms
2021-05-13 18:46:13.849  INFO 35352 --- [restartedMain] com.zaxxer.hikari.HikariDataSource       : HikariPool-10 - Starting...
2021-05-13 18:46:13.849  INFO 35352 --- [restartedMain] com.zaxxer.hikari.HikariDataSource       : HikariPool-10 - Start completed.
2021-05-13 18:46:13.849  INFO 35352 --- [restartedMain] o.s.b.a.h2.H2ConsoleAutoConfiguration    : H2 console available at '/h2-console'. Database available at 'jdbc:h2:file:~/testdb'
2021-05-13 18:46:13.865  INFO 35352 --- [restartedMain] o.hibernate.jpa.internal.util.LogHelper  : HHH000204: Processing PersistenceUnitInfo [name: default]
2021-05-13 18:46:13.869  INFO 35352 --- [restartedMain] org.hibernate.dialect.Dialect            : HHH000400: Using dialect: org.hibernate.dialect.H2Dialect
2021-05-13 18:46:13.888  INFO 35352 --- [restartedMain] o.h.e.t.j.p.i.JtaPlatformInitiator       : HHH000490: Using JtaPlatform implementation: [org.hibernate.engine.transaction.jta.platform.internal.NoJtaPlatform]
2021-05-13 18:46:13.888  INFO 35352 --- [restartedMain] j.LocalContainerEntityManagerFactoryBean : Initialized JPA EntityManagerFactory for persistence unit 'default'
2021-05-13 18:46:13.899  INFO 35352 --- [restartedMain] o.s.b.d.a.OptionalLiveReloadServer       : LiveReload server is running on port 35729
2021-05-13 18:46:13.952  INFO 35352 --- [restartedMain] o.s.s.concurrent.ThreadPoolTaskExecutor  : Initializing ExecutorService 'threadPoolTaskExecutor'
2021-05-13 18:46:13.961  WARN 35352 --- [restartedMain] JpaBaseConfiguration$JpaWebConfiguration : spring.jpa.open-in-view is enabled by default. Therefore, database queries may be performed during view rendering. Explicitly configure spring.jpa.open-in-view to disable this warning
2021-05-13 18:46:14.025  INFO 35352 --- [restartedMain] o.s.s.c.ThreadPoolTaskScheduler          : Initializing ExecutorService 'taskScheduler'
2021-05-13 18:46:14.036  INFO 35352 --- [restartedMain] o.s.b.w.embedded.tomcat.TomcatWebServer  : Tomcat started on port(s): 8080 (http) with context path ''
2021-05-13 18:46:14.039  INFO 35352 --- [restartedMain] c.a.s.v.VaccineAvailabilityApplication   : Started VaccineAvailabilityApplication in 0.457 seconds (JVM running for 374.013)
2021-05-13 18:46:14.040  INFO 35352 --- [restartedMain] .ConditionEvaluationDeltaLoggingListener : Condition evaluation unchanged
2021-05-13 18:46:18.835  INFO 35352 --- [RMI TCP Connection(29)-127.0.0.1] inMXBeanRegistrar$SpringApplicationAdmin : Application shutdown requested.
2021-05-13 18:46:18.856  INFO 35352 --- [RMI TCP Connection(29)-127.0.0.1] o.s.s.c.ThreadPoolTaskScheduler          : Shutting down ExecutorService 'taskScheduler'
2021-05-13 18:46:18.857  INFO 35352 --- [RMI TCP Connection(29)-127.0.0.1] o.s.s.concurrent.ThreadPoolTaskExecutor  : Shutting down ExecutorService 'threadPoolTaskExecutor'
2021-05-13 18:46:18.857  INFO 35352 --- [RMI TCP Connection(29)-127.0.0.1] j.LocalContainerEntityManagerFactoryBean : Closing JPA EntityManagerFactory for persistence unit 'default'
2021-05-13 18:46:18.857  INFO 35352 --- [RMI TCP Connection(29)-127.0.0.1] com.zaxxer.hikari.HikariDataSource       : HikariPool-10 - Shutdown initiated...
2021-05-13 18:46:18.858  INFO 35352 --- [RMI TCP Connection(29)-127.0.0.1] com.zaxxer.hikari.HikariDataSource       : HikariPool-10 - Shutdown completed.
2021-05-13 18:46:26.449  INFO 37784 --- [restartedMain] c.a.s.v.VaccineAvailabilityApplication   : Starting VaccineAvailabilityApplication using Java 15.0.2 on LT171-Kankanak with PID 37784 (C:\Users\Kankanak\Documents\Covid-Vaccination-Alert-Application\VaccineAvailability\target\classes started by kankanak in C:\Users\Kankanak\Documents\Covid-Vaccination-Alert-Application\VaccineAvailability)
2021-05-13 18:46:26.451  INFO 37784 --- [restartedMain] c.a.s.v.VaccineAvailabilityApplication   : No active profile set, falling back to default profiles: default
2021-05-13 18:46:26.487  INFO 37784 --- [restartedMain] .e.DevToolsPropertyDefaultsPostProcessor : Devtools property defaults active! Set 'spring.devtools.add-properties' to 'false' to disable
2021-05-13 18:46:26.487  INFO 37784 --- [restartedMain] .e.DevToolsPropertyDefaultsPostProcessor : For additional web related logging consider setting the 'logging.level.web' property to 'DEBUG'
2021-05-13 18:46:26.977  INFO 37784 --- [restartedMain] .s.d.r.c.RepositoryConfigurationDelegate : Bootstrapping Spring Data JPA repositories in DEFAULT mode.
2021-05-13 18:46:27.018  INFO 37784 --- [restartedMain] .s.d.r.c.RepositoryConfigurationDelegate : Finished Spring Data repository scanning in 35 ms. Found 1 JPA repository interfaces.
2021-05-13 18:46:27.473  INFO 37784 --- [restartedMain] o.s.b.w.embedded.tomcat.TomcatWebServer  : Tomcat initialized with port(s): 8080 (http)
2021-05-13 18:46:27.481  INFO 37784 --- [restartedMain] o.apache.catalina.core.StandardService   : Starting service [Tomcat]
2021-05-13 18:46:27.481  INFO 37784 --- [restartedMain] org.apache.catalina.core.StandardEngine  : Starting Servlet engine: [Apache Tomcat/9.0.45]
2021-05-13 18:46:27.557  INFO 37784 --- [restartedMain] o.a.c.c.C.[Tomcat].[localhost].[/]       : Initializing Spring embedded WebApplicationContext
2021-05-13 18:46:27.557  INFO 37784 --- [restartedMain] w.s.c.ServletWebServerApplicationContext : Root WebApplicationContext: initialization completed in 1070 ms
2021-05-13 18:46:27.591  INFO 37784 --- [restartedMain] com.zaxxer.hikari.HikariDataSource       : HikariPool-1 - Starting...
2021-05-13 18:46:27.740  INFO 37784 --- [restartedMain] com.zaxxer.hikari.HikariDataSource       : HikariPool-1 - Start completed.
2021-05-13 18:46:27.745  INFO 37784 --- [restartedMain] o.s.b.a.h2.H2ConsoleAutoConfiguration    : H2 console available at '/h2-console'. Database available at 'jdbc:h2:file:~/testdb'
2021-05-13 18:46:27.861  INFO 37784 --- [restartedMain] o.hibernate.jpa.internal.util.LogHelper  : HHH000204: Processing PersistenceUnitInfo [name: default]
2021-05-13 18:46:27.900  INFO 37784 --- [restartedMain] org.hibernate.Version                    : HHH000412: Hibernate ORM core version 5.4.30.Final
2021-05-13 18:46:28.008  INFO 37784 --- [restartedMain] o.hibernate.annotations.common.Version   : HCANN000001: Hibernate Commons Annotations {5.1.2.Final}
2021-05-13 18:46:28.095  INFO 37784 --- [restartedMain] org.hibernate.dialect.Dialect            : HHH000400: Using dialect: org.hibernate.dialect.H2Dialect
2021-05-13 18:46:28.571  INFO 37784 --- [restartedMain] o.h.e.t.j.p.i.JtaPlatformInitiator       : HHH000490: Using JtaPlatform implementation: [org.hibernate.engine.transaction.jta.platform.internal.NoJtaPlatform]
2021-05-13 18:46:28.577  INFO 37784 --- [restartedMain] j.LocalContainerEntityManagerFactoryBean : Initialized JPA EntityManagerFactory for persistence unit 'default'
2021-05-13 18:46:28.606  INFO 37784 --- [restartedMain] o.s.b.d.a.OptionalLiveReloadServer       : LiveReload server is running on port 35729
2021-05-13 18:46:28.878  INFO 37784 --- [restartedMain] o.s.s.concurrent.ThreadPoolTaskExecutor  : Initializing ExecutorService 'threadPoolTaskExecutor'
2021-05-13 18:46:28.912  WARN 37784 --- [restartedMain] JpaBaseConfiguration$JpaWebConfiguration : spring.jpa.open-in-view is enabled by default. Therefore, database queries may be performed during view rendering. Explicitly configure spring.jpa.open-in-view to disable this warning
2021-05-13 18:46:29.193  INFO 37784 --- [restartedMain] o.s.s.c.ThreadPoolTaskScheduler          : Initializing ExecutorService 'taskScheduler'
2021-05-13 18:46:29.243  INFO 37784 --- [restartedMain] o.s.b.w.embedded.tomcat.TomcatWebServer  : Tomcat started on port(s): 8080 (http) with context path ''
2021-05-13 18:46:29.253  INFO 37784 --- [restartedMain] c.a.s.v.VaccineAvailabilityApplication   : Started VaccineAvailabilityApplication in 3.108 seconds (JVM running for 3.766)
2021-05-13 18:46:30.003  INFO 37784 --- [scheduling-1] c.a.s.v.service.SchedulerService         : Executing Scheduler Service
2021-05-13 18:46:30.160  INFO 37784 --- [scheduling-1] c.a.s.v.service.RestCallService          : URL: https://cdn-api.co-vin.in/api/v2/appointment/sessions/public/calendarByDistrict?district_id=314001&date=13-05-2021
2021-05-13 18:46:30.160  INFO 37784 --- [ForkJoinPool.commonPool-worker-5] c.a.s.v.service.RestCallService          : URL: https://cdn-api.co-vin.in/api/v2/appointment/sessions/public/calendarByDistrict?district_id=54&date=13-05-2021
2021-05-13 18:46:30.160  INFO 37784 --- [ForkJoinPool.commonPool-worker-23] c.a.s.v.service.RestCallService          : URL: https://cdn-api.co-vin.in/api/v2/appointment/sessions/public/calendarByDistrict?district_id=314001&date=13-05-2021
2021-05-13 18:46:30.160  INFO 37784 --- [ForkJoinPool.commonPool-worker-19] c.a.s.v.service.RestCallService          : URL: https://cdn-api.co-vin.in/api/v2/appointment/sessions/public/calendarByDistrict?district_id=314001&date=13-05-2021
2021-05-13 18:46:30.160  INFO 37784 --- [ForkJoinPool.commonPool-worker-9] c.a.s.v.service.RestCallService          : URL: https://cdn-api.co-vin.in/api/v2/appointment/sessions/public/calendarByDistrict?district_id=54&date=13-05-2021
2021-05-13 18:46:30.162  INFO 37784 --- [scheduling-1] c.a.s.v.service.RestCallService          : Get Vaccination Information call with headers: {} <,[user-agent:"Mozilla/5.0 (Windows NT 10.0; Win64; x64) AppleWebKit/537.36 (KHTML, like Gecko) Chrome/54.0.2840.99 Safari/537.36", Accept:"application/json"]>
2021-05-13 18:46:30.162  INFO 37784 --- [ForkJoinPool.commonPool-worker-19] c.a.s.v.service.RestCallService          : Get Vaccination Information call with headers: {} <,[user-agent:"Mozilla/5.0 (Windows NT 10.0; Win64; x64) AppleWebKit/537.36 (KHTML, like Gecko) Chrome/54.0.2840.99 Safari/537.36", Accept:"application/json"]>
2021-05-13 18:46:30.162  INFO 37784 --- [ForkJoinPool.commonPool-worker-9] c.a.s.v.service.RestCallService          : Get Vaccination Information call with headers: {} <,[user-agent:"Mozilla/5.0 (Windows NT 10.0; Win64; x64) AppleWebKit/537.36 (KHTML, like Gecko) Chrome/54.0.2840.99 Safari/537.36", Accept:"application/json"]>
2021-05-13 18:46:30.162  INFO 37784 --- [ForkJoinPool.commonPool-worker-5] c.a.s.v.service.RestCallService          : Get Vaccination Information call with headers: {} <,[user-agent:"Mozilla/5.0 (Windows NT 10.0; Win64; x64) AppleWebKit/537.36 (KHTML, like Gecko) Chrome/54.0.2840.99 Safari/537.36", Accept:"application/json"]>
2021-05-13 18:46:30.162  INFO 37784 --- [ForkJoinPool.commonPool-worker-23] c.a.s.v.service.RestCallService          : Get Vaccination Information call with headers: {} <,[user-agent:"Mozilla/5.0 (Windows NT 10.0; Win64; x64) AppleWebKit/537.36 (KHTML, like Gecko) Chrome/54.0.2840.99 Safari/537.36", Accept:"application/json"]>
2021-05-13 18:46:30.570  INFO 37784 --- [ForkJoinPool.commonPool-worker-9] c.a.s.v.service.RestCallService          : Response Received with status: 200 OK
2021-05-13 18:46:30.570  INFO 37784 --- [ForkJoinPool.commonPool-worker-5] c.a.s.v.service.RestCallService          : Response Received with status: 200 OK
2021-05-13 18:46:30.571  INFO 37784 --- [ForkJoinPool.commonPool-worker-9] c.a.s.v.service.RestCallService          : No Slots Found
2021-05-13 18:46:30.571  INFO 37784 --- [ForkJoinPool.commonPool-worker-5] c.a.s.v.service.RestCallService          : No Slots Found
2021-05-13 18:46:30.602  INFO 37784 --- [scheduling-1] c.a.s.v.service.RestCallService          : Response Received with status: 200 OK
2021-05-13 18:46:30.603  INFO 37784 --- [ForkJoinPool.commonPool-worker-23] c.a.s.v.service.RestCallService          : Response Received with status: 200 OK
2021-05-13 18:46:30.608  INFO 37784 --- [ForkJoinPool.commonPool-worker-19] c.a.s.v.service.RestCallService          : Response Received with status: 200 OK
2021-05-13 18:47:00.014  INFO 37784 --- [scheduling-1] c.a.s.v.service.SchedulerService         : Executing Scheduler Service
2021-05-13 18:47:00.018  INFO 37784 --- [ForkJoinPool.commonPool-worker-9] c.a.s.v.service.RestCallService          : URL: https://cdn-api.co-vin.in/api/v2/appointment/sessions/public/calendarByDistrict?district_id=54&date=13-05-2021
2021-05-13 18:47:00.018  INFO 37784 --- [ForkJoinPool.commonPool-worker-19] c.a.s.v.service.RestCallService          : URL: https://cdn-api.co-vin.in/api/v2/appointment/sessions/public/calendarByDistrict?district_id=54&date=13-05-2021
2021-05-13 18:47:00.018  INFO 37784 --- [ForkJoinPool.commonPool-worker-27] c.a.s.v.service.RestCallService          : URL: https://cdn-api.co-vin.in/api/v2/appointment/sessions/public/calendarByDistrict?district_id=314001&date=13-05-2021
2021-05-13 18:47:00.019  INFO 37784 --- [ForkJoinPool.commonPool-worker-19] c.a.s.v.service.RestCallService          : Get Vaccination Information call with headers: {} <,[user-agent:"Mozilla/5.0 (Windows NT 10.0; Win64; x64) AppleWebKit/537.36 (KHTML, like Gecko) Chrome/54.0.2840.99 Safari/537.36", Accept:"application/json"]>
2021-05-13 18:47:00.018  INFO 37784 --- [scheduling-1] c.a.s.v.service.RestCallService          : URL: https://cdn-api.co-vin.in/api/v2/appointment/sessions/public/calendarByDistrict?district_id=314001&date=13-05-2021
2021-05-13 18:47:00.018  INFO 37784 --- [ForkJoinPool.commonPool-worker-23] c.a.s.v.service.RestCallService          : URL: https://cdn-api.co-vin.in/api/v2/appointment/sessions/public/calendarByDistrict?district_id=314001&date=13-05-2021
2021-05-13 18:47:00.019  INFO 37784 --- [ForkJoinPool.commonPool-worker-9] c.a.s.v.service.RestCallService          : Get Vaccination Information call with headers: {} <,[user-agent:"Mozilla/5.0 (Windows NT 10.0; Win64; x64) AppleWebKit/537.36 (KHTML, like Gecko) Chrome/54.0.2840.99 Safari/537.36", Accept:"application/json"]>
2021-05-13 18:47:00.020  INFO 37784 --- [ForkJoinPool.commonPool-worker-27] c.a.s.v.service.RestCallService          : Get Vaccination Information call with headers: {} <,[user-agent:"Mozilla/5.0 (Windows NT 10.0; Win64; x64) AppleWebKit/537.36 (KHTML, like Gecko) Chrome/54.0.2840.99 Safari/537.36", Accept:"application/json"]>
2021-05-13 18:47:00.020  INFO 37784 --- [ForkJoinPool.commonPool-worker-23] c.a.s.v.service.RestCallService          : Get Vaccination Information call with headers: {} <,[user-agent:"Mozilla/5.0 (Windows NT 10.0; Win64; x64) AppleWebKit/537.36 (KHTML, like Gecko) Chrome/54.0.2840.99 Safari/537.36", Accept:"application/json"]>
2021-05-13 18:47:00.020  INFO 37784 --- [scheduling-1] c.a.s.v.service.RestCallService          : Get Vaccination Information call with headers: {} <,[user-agent:"Mozilla/5.0 (Windows NT 10.0; Win64; x64) AppleWebKit/537.36 (KHTML, like Gecko) Chrome/54.0.2840.99 Safari/537.36", Accept:"application/json"]>
2021-05-13 18:47:00.122  INFO 37784 --- [scheduling-1] c.a.s.v.service.RestCallService          : Response Received with status: 200 OK
2021-05-13 18:47:00.134  INFO 37784 --- [ForkJoinPool.commonPool-worker-27] c.a.s.v.service.RestCallService          : Response Received with status: 200 OK
2021-05-13 18:47:00.135  INFO 37784 --- [ForkJoinPool.commonPool-worker-23] c.a.s.v.service.RestCallService          : Response Received with status: 200 OK
2021-05-13 18:47:00.150  INFO 37784 --- [ForkJoinPool.commonPool-worker-19] c.a.s.v.service.RestCallService          : Response Received with status: 200 OK
2021-05-13 18:47:00.150  INFO 37784 --- [ForkJoinPool.commonPool-worker-19] c.a.s.v.service.RestCallService          : No Slots Found
2021-05-13 18:47:00.151  INFO 37784 --- [ForkJoinPool.commonPool-worker-9] c.a.s.v.service.RestCallService          : Response Received with status: 200 OK
2021-05-13 18:47:00.151  INFO 37784 --- [ForkJoinPool.commonPool-worker-9] c.a.s.v.service.RestCallService          : No Slots Found
2021-05-13 18:47:30.012  INFO 37784 --- [scheduling-1] c.a.s.v.service.SchedulerService         : Executing Scheduler Service
2021-05-13 18:47:30.017  INFO 37784 --- [scheduling-1] c.a.s.v.service.RestCallService          : URL: https://cdn-api.co-vin.in/api/v2/appointment/sessions/public/calendarByDistrict?district_id=314001&date=13-05-2021
2021-05-13 18:47:30.017  INFO 37784 --- [ForkJoinPool.commonPool-worker-23] c.a.s.v.service.RestCallService          : URL: https://cdn-api.co-vin.in/api/v2/appointment/sessions/public/calendarByDistrict?district_id=314001&date=13-05-2021
2021-05-13 18:47:30.017  INFO 37784 --- [ForkJoinPool.commonPool-worker-9] c.a.s.v.service.RestCallService          : URL: https://cdn-api.co-vin.in/api/v2/appointment/sessions/public/calendarByDistrict?district_id=314001&date=13-05-2021
2021-05-13 18:47:30.017  INFO 37784 --- [ForkJoinPool.commonPool-worker-19] c.a.s.v.service.RestCallService          : URL: https://cdn-api.co-vin.in/api/v2/appointment/sessions/public/calendarByDistrict?district_id=54&date=13-05-2021
2021-05-13 18:47:30.017  INFO 37784 --- [ForkJoinPool.commonPool-worker-27] c.a.s.v.service.RestCallService          : URL: https://cdn-api.co-vin.in/api/v2/appointment/sessions/public/calendarByDistrict?district_id=54&date=13-05-2021
2021-05-13 18:47:30.018  INFO 37784 --- [scheduling-1] c.a.s.v.service.RestCallService          : Get Vaccination Information call with headers: {} <,[user-agent:"Mozilla/5.0 (Windows NT 10.0; Win64; x64) AppleWebKit/537.36 (KHTML, like Gecko) Chrome/54.0.2840.99 Safari/537.36", Accept:"application/json"]>
2021-05-13 18:47:30.018  INFO 37784 --- [ForkJoinPool.commonPool-worker-23] c.a.s.v.service.RestCallService          : Get Vaccination Information call with headers: {} <,[user-agent:"Mozilla/5.0 (Windows NT 10.0; Win64; x64) AppleWebKit/537.36 (KHTML, like Gecko) Chrome/54.0.2840.99 Safari/537.36", Accept:"application/json"]>
2021-05-13 18:47:30.018  INFO 37784 --- [ForkJoinPool.commonPool-worker-9] c.a.s.v.service.RestCallService          : Get Vaccination Information call with headers: {} <,[user-agent:"Mozilla/5.0 (Windows NT 10.0; Win64; x64) AppleWebKit/537.36 (KHTML, like Gecko) Chrome/54.0.2840.99 Safari/537.36", Accept:"application/json"]>
2021-05-13 18:47:30.018  INFO 37784 --- [ForkJoinPool.commonPool-worker-19] c.a.s.v.service.RestCallService          : Get Vaccination Information call with headers: {} <,[user-agent:"Mozilla/5.0 (Windows NT 10.0; Win64; x64) AppleWebKit/537.36 (KHTML, like Gecko) Chrome/54.0.2840.99 Safari/537.36", Accept:"application/json"]>
2021-05-13 18:47:30.018  INFO 37784 --- [ForkJoinPool.commonPool-worker-27] c.a.s.v.service.RestCallService          : Get Vaccination Information call with headers: {} <,[user-agent:"Mozilla/5.0 (Windows NT 10.0; Win64; x64) AppleWebKit/537.36 (KHTML, like Gecko) Chrome/54.0.2840.99 Safari/537.36", Accept:"application/json"]>
2021-05-13 18:47:30.122  INFO 37784 --- [ForkJoinPool.commonPool-worker-23] c.a.s.v.service.RestCallService          : Response Received with status: 200 OK
2021-05-13 18:47:30.140  INFO 37784 --- [scheduling-1] c.a.s.v.service.RestCallService          : Response Received with status: 200 OK
2021-05-13 18:47:30.146  INFO 37784 --- [ForkJoinPool.commonPool-worker-9] c.a.s.v.service.RestCallService          : Response Received with status: 200 OK
2021-05-13 18:47:30.147  INFO 37784 --- [ForkJoinPool.commonPool-worker-19] c.a.s.v.service.RestCallService          : Response Received with status: 200 OK
2021-05-13 18:47:30.147  INFO 37784 --- [ForkJoinPool.commonPool-worker-19] c.a.s.v.service.RestCallService          : No Slots Found
2021-05-13 18:47:30.168  INFO 37784 --- [ForkJoinPool.commonPool-worker-27] c.a.s.v.service.RestCallService          : Response Received with status: 200 OK
2021-05-13 18:47:30.168  INFO 37784 --- [ForkJoinPool.commonPool-worker-27] c.a.s.v.service.RestCallService          : No Slots Found
2021-05-13 18:48:00.003  INFO 37784 --- [scheduling-1] c.a.s.v.service.SchedulerService         : Executing Scheduler Service
2021-05-13 18:48:00.010  INFO 37784 --- [scheduling-1] c.a.s.v.service.RestCallService          : URL: https://cdn-api.co-vin.in/api/v2/appointment/sessions/public/calendarByDistrict?district_id=314001&date=13-05-2021
2021-05-13 18:48:00.010  INFO 37784 --- [ForkJoinPool.commonPool-worker-19] c.a.s.v.service.RestCallService          : URL: https://cdn-api.co-vin.in/api/v2/appointment/sessions/public/calendarByDistrict?district_id=54&date=13-05-2021
2021-05-13 18:48:00.010  INFO 37784 --- [ForkJoinPool.commonPool-worker-27] c.a.s.v.service.RestCallService          : URL: https://cdn-api.co-vin.in/api/v2/appointment/sessions/public/calendarByDistrict?district_id=314001&date=13-05-2021
2021-05-13 18:48:00.011  INFO 37784 --- [scheduling-1] c.a.s.v.service.RestCallService          : Get Vaccination Information call with headers: {} <,[user-agent:"Mozilla/5.0 (Windows NT 10.0; Win64; x64) AppleWebKit/537.36 (KHTML, like Gecko) Chrome/54.0.2840.99 Safari/537.36", Accept:"application/json"]>
2021-05-13 18:48:00.010  INFO 37784 --- [ForkJoinPool.commonPool-worker-9] c.a.s.v.service.RestCallService          : URL: https://cdn-api.co-vin.in/api/v2/appointment/sessions/public/calendarByDistrict?district_id=54&date=13-05-2021
2021-05-13 18:48:00.011  INFO 37784 --- [ForkJoinPool.commonPool-worker-19] c.a.s.v.service.RestCallService          : Get Vaccination Information call with headers: {} <,[user-agent:"Mozilla/5.0 (Windows NT 10.0; Win64; x64) AppleWebKit/537.36 (KHTML, like Gecko) Chrome/54.0.2840.99 Safari/537.36", Accept:"application/json"]>
2021-05-13 18:48:00.010  INFO 37784 --- [ForkJoinPool.commonPool-worker-23] c.a.s.v.service.RestCallService          : URL: https://cdn-api.co-vin.in/api/v2/appointment/sessions/public/calendarByDistrict?district_id=314001&date=13-05-2021
2021-05-13 18:48:00.011  INFO 37784 --- [ForkJoinPool.commonPool-worker-27] c.a.s.v.service.RestCallService          : Get Vaccination Information call with headers: {} <,[user-agent:"Mozilla/5.0 (Windows NT 10.0; Win64; x64) AppleWebKit/537.36 (KHTML, like Gecko) Chrome/54.0.2840.99 Safari/537.36", Accept:"application/json"]>
2021-05-13 18:48:00.012  INFO 37784 --- [ForkJoinPool.commonPool-worker-9] c.a.s.v.service.RestCallService          : Get Vaccination Information call with headers: {} <,[user-agent:"Mozilla/5.0 (Windows NT 10.0; Win64; x64) AppleWebKit/537.36 (KHTML, like Gecko) Chrome/54.0.2840.99 Safari/537.36", Accept:"application/json"]>
2021-05-13 18:48:00.012  INFO 37784 --- [ForkJoinPool.commonPool-worker-23] c.a.s.v.service.RestCallService          : Get Vaccination Information call with headers: {} <,[user-agent:"Mozilla/5.0 (Windows NT 10.0; Win64; x64) AppleWebKit/537.36 (KHTML, like Gecko) Chrome/54.0.2840.99 Safari/537.36", Accept:"application/json"]>
2021-05-13 18:48:00.121  INFO 37784 --- [ForkJoinPool.commonPool-worker-23] c.a.s.v.service.RestCallService          : Response Received with status: 200 OK
2021-05-13 18:48:00.125  INFO 37784 --- [ForkJoinPool.commonPool-worker-19] c.a.s.v.service.RestCallService          : Response Received with status: 200 OK
2021-05-13 18:48:00.126  INFO 37784 --- [ForkJoinPool.commonPool-worker-19] c.a.s.v.service.RestCallService          : No Slots Found
2021-05-13 18:48:00.126  INFO 37784 --- [scheduling-1] c.a.s.v.service.RestCallService          : Response Received with status: 200 OK
2021-05-13 18:48:00.126  INFO 37784 --- [ForkJoinPool.commonPool-worker-9] c.a.s.v.service.RestCallService          : Response Received with status: 200 OK
2021-05-13 18:48:00.127  INFO 37784 --- [ForkJoinPool.commonPool-worker-9] c.a.s.v.service.RestCallService          : No Slots Found
2021-05-13 18:48:00.144  INFO 37784 --- [ForkJoinPool.commonPool-worker-27] c.a.s.v.service.RestCallService          : Response Received with status: 200 OK
2021-05-13 18:48:30.007  INFO 37784 --- [scheduling-1] c.a.s.v.service.SchedulerService         : Executing Scheduler Service
2021-05-13 18:48:30.012  INFO 37784 --- [scheduling-1] c.a.s.v.service.RestCallService          : URL: https://cdn-api.co-vin.in/api/v2/appointment/sessions/public/calendarByDistrict?district_id=314001&date=13-05-2021
2021-05-13 18:48:30.013  INFO 37784 --- [ForkJoinPool.commonPool-worker-5] c.a.s.v.service.RestCallService          : URL: https://cdn-api.co-vin.in/api/v2/appointment/sessions/public/calendarByDistrict?district_id=54&date=13-05-2021
2021-05-13 18:48:30.013  INFO 37784 --- [ForkJoinPool.commonPool-worker-9] c.a.s.v.service.RestCallService          : URL: https://cdn-api.co-vin.in/api/v2/appointment/sessions/public/calendarByDistrict?district_id=54&date=13-05-2021
2021-05-13 18:48:30.013  INFO 37784 --- [ForkJoinPool.commonPool-worker-19] c.a.s.v.service.RestCallService          : URL: https://cdn-api.co-vin.in/api/v2/appointment/sessions/public/calendarByDistrict?district_id=314001&date=13-05-2021
2021-05-13 18:48:30.013  INFO 37784 --- [ForkJoinPool.commonPool-worker-27] c.a.s.v.service.RestCallService          : URL: https://cdn-api.co-vin.in/api/v2/appointment/sessions/public/calendarByDistrict?district_id=314001&date=13-05-2021
2021-05-13 18:48:30.014  INFO 37784 --- [ForkJoinPool.commonPool-worker-5] c.a.s.v.service.RestCallService          : Get Vaccination Information call with headers: {} <,[user-agent:"Mozilla/5.0 (Windows NT 10.0; Win64; x64) AppleWebKit/537.36 (KHTML, like Gecko) Chrome/54.0.2840.99 Safari/537.36", Accept:"application/json"]>
2021-05-13 18:48:30.014  INFO 37784 --- [scheduling-1] c.a.s.v.service.RestCallService          : Get Vaccination Information call with headers: {} <,[user-agent:"Mozilla/5.0 (Windows NT 10.0; Win64; x64) AppleWebKit/537.36 (KHTML, like Gecko) Chrome/54.0.2840.99 Safari/537.36", Accept:"application/json"]>
2021-05-13 18:48:30.014  INFO 37784 --- [ForkJoinPool.commonPool-worker-9] c.a.s.v.service.RestCallService          : Get Vaccination Information call with headers: {} <,[user-agent:"Mozilla/5.0 (Windows NT 10.0; Win64; x64) AppleWebKit/537.36 (KHTML, like Gecko) Chrome/54.0.2840.99 Safari/537.36", Accept:"application/json"]>
2021-05-13 18:48:30.014  INFO 37784 --- [ForkJoinPool.commonPool-worker-19] c.a.s.v.service.RestCallService          : Get Vaccination Information call with headers: {} <,[user-agent:"Mozilla/5.0 (Windows NT 10.0; Win64; x64) AppleWebKit/537.36 (KHTML, like Gecko) Chrome/54.0.2840.99 Safari/537.36", Accept:"application/json"]>
2021-05-13 18:48:30.015  INFO 37784 --- [ForkJoinPool.commonPool-worker-27] c.a.s.v.service.RestCallService          : Get Vaccination Information call with headers: {} <,[user-agent:"Mozilla/5.0 (Windows NT 10.0; Win64; x64) AppleWebKit/537.36 (KHTML, like Gecko) Chrome/54.0.2840.99 Safari/537.36", Accept:"application/json"]>
2021-05-13 18:48:30.139  INFO 37784 --- [ForkJoinPool.commonPool-worker-5] c.a.s.v.service.RestCallService          : Response Received with status: 200 OK
2021-05-13 18:48:30.140  INFO 37784 --- [ForkJoinPool.commonPool-worker-5] c.a.s.v.service.RestCallService          : No Slots Found
2021-05-13 18:48:30.141  INFO 37784 --- [scheduling-1] c.a.s.v.service.RestCallService          : Response Received with status: 200 OK
2021-05-13 18:48:30.141  INFO 37784 --- [ForkJoinPool.commonPool-worker-27] c.a.s.v.service.RestCallService          : Response Received with status: 200 OK
2021-05-13 18:48:30.142  INFO 37784 --- [ForkJoinPool.commonPool-worker-19] c.a.s.v.service.RestCallService          : Response Received with status: 200 OK
2021-05-13 18:48:30.143  INFO 37784 --- [ForkJoinPool.commonPool-worker-9] c.a.s.v.service.RestCallService          : Response Received with status: 200 OK
2021-05-13 18:48:30.143  INFO 37784 --- [ForkJoinPool.commonPool-worker-9] c.a.s.v.service.RestCallService          : No Slots Found
2021-05-13 18:49:00.002  INFO 37784 --- [scheduling-1] c.a.s.v.service.SchedulerService         : Executing Scheduler Service
2021-05-13 18:49:00.007  INFO 37784 --- [scheduling-1] c.a.s.v.service.RestCallService          : URL: https://cdn-api.co-vin.in/api/v2/appointment/sessions/public/calendarByDistrict?district_id=314001&date=13-05-2021
2021-05-13 18:49:00.008  INFO 37784 --- [ForkJoinPool.commonPool-worker-27] c.a.s.v.service.RestCallService          : URL: https://cdn-api.co-vin.in/api/v2/appointment/sessions/public/calendarByDistrict?district_id=54&date=13-05-2021
2021-05-13 18:49:00.008  INFO 37784 --- [ForkJoinPool.commonPool-worker-5] c.a.s.v.service.RestCallService          : URL: https://cdn-api.co-vin.in/api/v2/appointment/sessions/public/calendarByDistrict?district_id=314001&date=13-05-2021
2021-05-13 18:49:00.008  INFO 37784 --- [ForkJoinPool.commonPool-worker-9] c.a.s.v.service.RestCallService          : URL: https://cdn-api.co-vin.in/api/v2/appointment/sessions/public/calendarByDistrict?district_id=314001&date=13-05-2021
2021-05-13 18:49:00.008  INFO 37784 --- [scheduling-1] c.a.s.v.service.RestCallService          : Get Vaccination Information call with headers: {} <,[user-agent:"Mozilla/5.0 (Windows NT 10.0; Win64; x64) AppleWebKit/537.36 (KHTML, like Gecko) Chrome/54.0.2840.99 Safari/537.36", Accept:"application/json"]>
2021-05-13 18:49:00.008  INFO 37784 --- [ForkJoinPool.commonPool-worker-19] c.a.s.v.service.RestCallService          : URL: https://cdn-api.co-vin.in/api/v2/appointment/sessions/public/calendarByDistrict?district_id=54&date=13-05-2021
2021-05-13 18:49:00.008  INFO 37784 --- [ForkJoinPool.commonPool-worker-27] c.a.s.v.service.RestCallService          : Get Vaccination Information call with headers: {} <,[user-agent:"Mozilla/5.0 (Windows NT 10.0; Win64; x64) AppleWebKit/537.36 (KHTML, like Gecko) Chrome/54.0.2840.99 Safari/537.36", Accept:"application/json"]>
2021-05-13 18:49:00.009  INFO 37784 --- [ForkJoinPool.commonPool-worker-9] c.a.s.v.service.RestCallService          : Get Vaccination Information call with headers: {} <,[user-agent:"Mozilla/5.0 (Windows NT 10.0; Win64; x64) AppleWebKit/537.36 (KHTML, like Gecko) Chrome/54.0.2840.99 Safari/537.36", Accept:"application/json"]>
2021-05-13 18:49:00.008  INFO 37784 --- [ForkJoinPool.commonPool-worker-5] c.a.s.v.service.RestCallService          : Get Vaccination Information call with headers: {} <,[user-agent:"Mozilla/5.0 (Windows NT 10.0; Win64; x64) AppleWebKit/537.36 (KHTML, like Gecko) Chrome/54.0.2840.99 Safari/537.36", Accept:"application/json"]>
2021-05-13 18:49:00.009  INFO 37784 --- [ForkJoinPool.commonPool-worker-19] c.a.s.v.service.RestCallService          : Get Vaccination Information call with headers: {} <,[user-agent:"Mozilla/5.0 (Windows NT 10.0; Win64; x64) AppleWebKit/537.36 (KHTML, like Gecko) Chrome/54.0.2840.99 Safari/537.36", Accept:"application/json"]>
2021-05-13 18:49:00.098  INFO 37784 --- [ForkJoinPool.commonPool-worker-27] c.a.s.v.service.RestCallService          : Response Received with status: 200 OK
2021-05-13 18:49:00.098  INFO 37784 --- [ForkJoinPool.commonPool-worker-19] c.a.s.v.service.RestCallService          : Response Received with status: 200 OK
2021-05-13 18:49:00.099  INFO 37784 --- [ForkJoinPool.commonPool-worker-27] c.a.s.v.service.RestCallService          : No Slots Found
2021-05-13 18:49:00.099  INFO 37784 --- [ForkJoinPool.commonPool-worker-19] c.a.s.v.service.RestCallService          : No Slots Found
2021-05-13 18:49:00.100  INFO 37784 --- [ForkJoinPool.commonPool-worker-5] c.a.s.v.service.RestCallService          : Response Received with status: 200 OK
2021-05-13 18:49:00.117  INFO 37784 --- [ForkJoinPool.commonPool-worker-9] c.a.s.v.service.RestCallService          : Response Received with status: 200 OK
2021-05-13 18:49:00.119  INFO 37784 --- [scheduling-1] c.a.s.v.service.RestCallService          : Response Received with status: 200 OK
2021-05-13 18:49:30.013  INFO 37784 --- [scheduling-1] c.a.s.v.service.SchedulerService         : Executing Scheduler Service
2021-05-13 18:49:30.018  INFO 37784 --- [scheduling-1] c.a.s.v.service.RestCallService          : URL: https://cdn-api.co-vin.in/api/v2/appointment/sessions/public/calendarByDistrict?district_id=314001&date=13-05-2021
2021-05-13 18:49:30.018  INFO 37784 --- [ForkJoinPool.commonPool-worker-5] c.a.s.v.service.RestCallService          : URL: https://cdn-api.co-vin.in/api/v2/appointment/sessions/public/calendarByDistrict?district_id=54&date=13-05-2021
2021-05-13 18:49:30.018  INFO 37784 --- [ForkJoinPool.commonPool-worker-9] c.a.s.v.service.RestCallService          : URL: https://cdn-api.co-vin.in/api/v2/appointment/sessions/public/calendarByDistrict?district_id=314001&date=13-05-2021
2021-05-13 18:49:30.018  INFO 37784 --- [ForkJoinPool.commonPool-worker-19] c.a.s.v.service.RestCallService          : URL: https://cdn-api.co-vin.in/api/v2/appointment/sessions/public/calendarByDistrict?district_id=54&date=13-05-2021
2021-05-13 18:49:30.018  INFO 37784 --- [ForkJoinPool.commonPool-worker-27] c.a.s.v.service.RestCallService          : URL: https://cdn-api.co-vin.in/api/v2/appointment/sessions/public/calendarByDistrict?district_id=314001&date=13-05-2021
2021-05-13 18:49:30.019  INFO 37784 --- [scheduling-1] c.a.s.v.service.RestCallService          : Get Vaccination Information call with headers: {} <,[user-agent:"Mozilla/5.0 (Windows NT 10.0; Win64; x64) AppleWebKit/537.36 (KHTML, like Gecko) Chrome/54.0.2840.99 Safari/537.36", Accept:"application/json"]>
2021-05-13 18:49:30.019  INFO 37784 --- [ForkJoinPool.commonPool-worker-5] c.a.s.v.service.RestCallService          : Get Vaccination Information call with headers: {} <,[user-agent:"Mozilla/5.0 (Windows NT 10.0; Win64; x64) AppleWebKit/537.36 (KHTML, like Gecko) Chrome/54.0.2840.99 Safari/537.36", Accept:"application/json"]>
2021-05-13 18:49:30.020  INFO 37784 --- [ForkJoinPool.commonPool-worker-9] c.a.s.v.service.RestCallService          : Get Vaccination Information call with headers: {} <,[user-agent:"Mozilla/5.0 (Windows NT 10.0; Win64; x64) AppleWebKit/537.36 (KHTML, like Gecko) Chrome/54.0.2840.99 Safari/537.36", Accept:"application/json"]>
2021-05-13 18:49:30.020  INFO 37784 --- [ForkJoinPool.commonPool-worker-19] c.a.s.v.service.RestCallService          : Get Vaccination Information call with headers: {} <,[user-agent:"Mozilla/5.0 (Windows NT 10.0; Win64; x64) AppleWebKit/537.36 (KHTML, like Gecko) Chrome/54.0.2840.99 Safari/537.36", Accept:"application/json"]>
2021-05-13 18:49:30.020  INFO 37784 --- [ForkJoinPool.commonPool-worker-27] c.a.s.v.service.RestCallService          : Get Vaccination Information call with headers: {} <,[user-agent:"Mozilla/5.0 (Windows NT 10.0; Win64; x64) AppleWebKit/537.36 (KHTML, like Gecko) Chrome/54.0.2840.99 Safari/537.36", Accept:"application/json"]>
2021-05-13 18:49:30.126  INFO 37784 --- [scheduling-1] c.a.s.v.service.RestCallService          : Response Received with status: 200 OK
2021-05-13 18:49:30.153  INFO 37784 --- [ForkJoinPool.commonPool-worker-9] c.a.s.v.service.RestCallService          : Response Received with status: 200 OK
2021-05-13 18:49:30.157  INFO 37784 --- [ForkJoinPool.commonPool-worker-27] c.a.s.v.service.RestCallService          : Response Received with status: 200 OK
2021-05-13 18:49:30.173  INFO 37784 --- [ForkJoinPool.commonPool-worker-5] c.a.s.v.service.RestCallService          : Response Received with status: 200 OK
2021-05-13 18:49:30.173  INFO 37784 --- [ForkJoinPool.commonPool-worker-5] c.a.s.v.service.RestCallService          : No Slots Found
2021-05-13 18:49:30.191  INFO 37784 --- [ForkJoinPool.commonPool-worker-19] c.a.s.v.service.RestCallService          : Response Received with status: 200 OK
2021-05-13 18:49:30.191  INFO 37784 --- [ForkJoinPool.commonPool-worker-19] c.a.s.v.service.RestCallService          : No Slots Found
2021-05-13 18:50:00.006  INFO 37784 --- [scheduling-1] c.a.s.v.service.SchedulerService         : Executing Scheduler Service
2021-05-13 18:50:00.012  INFO 37784 --- [scheduling-1] c.a.s.v.service.RestCallService          : URL: https://cdn-api.co-vin.in/api/v2/appointment/sessions/public/calendarByDistrict?district_id=314001&date=13-05-2021
2021-05-13 18:50:00.012  INFO 37784 --- [ForkJoinPool.commonPool-worker-5] c.a.s.v.service.RestCallService          : URL: https://cdn-api.co-vin.in/api/v2/appointment/sessions/public/calendarByDistrict?district_id=54&date=13-05-2021
2021-05-13 18:50:00.012  INFO 37784 --- [ForkJoinPool.commonPool-worker-27] c.a.s.v.service.RestCallService          : URL: https://cdn-api.co-vin.in/api/v2/appointment/sessions/public/calendarByDistrict?district_id=54&date=13-05-2021
2021-05-13 18:50:00.012  INFO 37784 --- [ForkJoinPool.commonPool-worker-5] c.a.s.v.service.RestCallService          : Get Vaccination Information call with headers: {} <,[user-agent:"Mozilla/5.0 (Windows NT 10.0; Win64; x64) AppleWebKit/537.36 (KHTML, like Gecko) Chrome/54.0.2840.99 Safari/537.36", Accept:"application/json"]>
2021-05-13 18:50:00.012  INFO 37784 --- [ForkJoinPool.commonPool-worker-9] c.a.s.v.service.RestCallService          : URL: https://cdn-api.co-vin.in/api/v2/appointment/sessions/public/calendarByDistrict?district_id=314001&date=13-05-2021
2021-05-13 18:50:00.012  INFO 37784 --- [scheduling-1] c.a.s.v.service.RestCallService          : Get Vaccination Information call with headers: {} <,[user-agent:"Mozilla/5.0 (Windows NT 10.0; Win64; x64) AppleWebKit/537.36 (KHTML, like Gecko) Chrome/54.0.2840.99 Safari/537.36", Accept:"application/json"]>
2021-05-13 18:50:00.012  INFO 37784 --- [ForkJoinPool.commonPool-worker-19] c.a.s.v.service.RestCallService          : URL: https://cdn-api.co-vin.in/api/v2/appointment/sessions/public/calendarByDistrict?district_id=314001&date=13-05-2021
2021-05-13 18:50:00.013  INFO 37784 --- [ForkJoinPool.commonPool-worker-9] c.a.s.v.service.RestCallService          : Get Vaccination Information call with headers: {} <,[user-agent:"Mozilla/5.0 (Windows NT 10.0; Win64; x64) AppleWebKit/537.36 (KHTML, like Gecko) Chrome/54.0.2840.99 Safari/537.36", Accept:"application/json"]>
2021-05-13 18:50:00.012  INFO 37784 --- [ForkJoinPool.commonPool-worker-27] c.a.s.v.service.RestCallService          : Get Vaccination Information call with headers: {} <,[user-agent:"Mozilla/5.0 (Windows NT 10.0; Win64; x64) AppleWebKit/537.36 (KHTML, like Gecko) Chrome/54.0.2840.99 Safari/537.36", Accept:"application/json"]>
2021-05-13 18:50:00.013  INFO 37784 --- [ForkJoinPool.commonPool-worker-19] c.a.s.v.service.RestCallService          : Get Vaccination Information call with headers: {} <,[user-agent:"Mozilla/5.0 (Windows NT 10.0; Win64; x64) AppleWebKit/537.36 (KHTML, like Gecko) Chrome/54.0.2840.99 Safari/537.36", Accept:"application/json"]>
2021-05-13 18:50:00.104  INFO 37784 --- [ForkJoinPool.commonPool-worker-9] c.a.s.v.service.RestCallService          : Response Received with status: 200 OK
2021-05-13 18:50:00.105  INFO 37784 --- [ForkJoinPool.commonPool-worker-5] c.a.s.v.service.RestCallService          : Response Received with status: 200 OK
2021-05-13 18:50:00.105  INFO 37784 --- [ForkJoinPool.commonPool-worker-5] c.a.s.v.service.RestCallService          : No Slots Found
2021-05-13 18:50:00.125  INFO 37784 --- [ForkJoinPool.commonPool-worker-19] c.a.s.v.service.RestCallService          : Response Received with status: 200 OK
2021-05-13 18:50:00.126  INFO 37784 --- [scheduling-1] c.a.s.v.service.RestCallService          : Response Received with status: 200 OK
2021-05-13 18:50:00.126  INFO 37784 --- [ForkJoinPool.commonPool-worker-27] c.a.s.v.service.RestCallService          : Response Received with status: 200 OK
2021-05-13 18:50:00.126  INFO 37784 --- [ForkJoinPool.commonPool-worker-27] c.a.s.v.service.RestCallService          : No Slots Found
2021-05-13 18:50:30.001  INFO 37784 --- [scheduling-1] c.a.s.v.service.SchedulerService         : Executing Scheduler Service
2021-05-13 18:50:30.005  INFO 37784 --- [scheduling-1] c.a.s.v.service.RestCallService          : URL: https://cdn-api.co-vin.in/api/v2/appointment/sessions/public/calendarByDistrict?district_id=314001&date=13-05-2021
2021-05-13 18:50:30.005  INFO 37784 --- [ForkJoinPool.commonPool-worker-27] c.a.s.v.service.RestCallService          : URL: https://cdn-api.co-vin.in/api/v2/appointment/sessions/public/calendarByDistrict?district_id=54&date=13-05-2021
2021-05-13 18:50:30.005  INFO 37784 --- [ForkJoinPool.commonPool-worker-5] c.a.s.v.service.RestCallService          : URL: https://cdn-api.co-vin.in/api/v2/appointment/sessions/public/calendarByDistrict?district_id=54&date=13-05-2021
2021-05-13 18:50:30.005  INFO 37784 --- [ForkJoinPool.commonPool-worker-9] c.a.s.v.service.RestCallService          : URL: https://cdn-api.co-vin.in/api/v2/appointment/sessions/public/calendarByDistrict?district_id=314001&date=13-05-2021
2021-05-13 18:50:30.005  INFO 37784 --- [ForkJoinPool.commonPool-worker-19] c.a.s.v.service.RestCallService          : URL: https://cdn-api.co-vin.in/api/v2/appointment/sessions/public/calendarByDistrict?district_id=314001&date=13-05-2021
2021-05-13 18:50:30.005  INFO 37784 --- [ForkJoinPool.commonPool-worker-5] c.a.s.v.service.RestCallService          : Get Vaccination Information call with headers: {} <,[user-agent:"Mozilla/5.0 (Windows NT 10.0; Win64; x64) AppleWebKit/537.36 (KHTML, like Gecko) Chrome/54.0.2840.99 Safari/537.36", Accept:"application/json"]>
2021-05-13 18:50:30.005  INFO 37784 --- [scheduling-1] c.a.s.v.service.RestCallService          : Get Vaccination Information call with headers: {} <,[user-agent:"Mozilla/5.0 (Windows NT 10.0; Win64; x64) AppleWebKit/537.36 (KHTML, like Gecko) Chrome/54.0.2840.99 Safari/537.36", Accept:"application/json"]>
2021-05-13 18:50:30.006  INFO 37784 --- [ForkJoinPool.commonPool-worker-9] c.a.s.v.service.RestCallService          : Get Vaccination Information call with headers: {} <,[user-agent:"Mozilla/5.0 (Windows NT 10.0; Win64; x64) AppleWebKit/537.36 (KHTML, like Gecko) Chrome/54.0.2840.99 Safari/537.36", Accept:"application/json"]>
2021-05-13 18:50:30.005  INFO 37784 --- [ForkJoinPool.commonPool-worker-27] c.a.s.v.service.RestCallService          : Get Vaccination Information call with headers: {} <,[user-agent:"Mozilla/5.0 (Windows NT 10.0; Win64; x64) AppleWebKit/537.36 (KHTML, like Gecko) Chrome/54.0.2840.99 Safari/537.36", Accept:"application/json"]>
2021-05-13 18:50:30.006  INFO 37784 --- [ForkJoinPool.commonPool-worker-19] c.a.s.v.service.RestCallService          : Get Vaccination Information call with headers: {} <,[user-agent:"Mozilla/5.0 (Windows NT 10.0; Win64; x64) AppleWebKit/537.36 (KHTML, like Gecko) Chrome/54.0.2840.99 Safari/537.36", Accept:"application/json"]>
2021-05-13 18:50:30.101  INFO 37784 --- [ForkJoinPool.commonPool-worker-19] c.a.s.v.service.RestCallService          : Response Received with status: 200 OK
2021-05-13 18:50:30.104  INFO 37784 --- [ForkJoinPool.commonPool-worker-5] c.a.s.v.service.RestCallService          : Response Received with status: 200 OK
2021-05-13 18:50:30.104  INFO 37784 --- [ForkJoinPool.commonPool-worker-27] c.a.s.v.service.RestCallService          : Response Received with status: 200 OK
2021-05-13 18:50:30.104  INFO 37784 --- [ForkJoinPool.commonPool-worker-5] c.a.s.v.service.RestCallService          : No Slots Found
2021-05-13 18:50:30.104  INFO 37784 --- [ForkJoinPool.commonPool-worker-27] c.a.s.v.service.RestCallService          : No Slots Found
2021-05-13 18:50:30.120  INFO 37784 --- [ForkJoinPool.commonPool-worker-9] c.a.s.v.service.RestCallService          : Response Received with status: 200 OK
2021-05-13 18:50:30.123  INFO 37784 --- [scheduling-1] c.a.s.v.service.RestCallService          : Response Received with status: 200 OK
2021-05-13 18:51:00.012  INFO 37784 --- [scheduling-1] c.a.s.v.service.SchedulerService         : Executing Scheduler Service
2021-05-13 18:51:00.015  INFO 37784 --- [scheduling-1] c.a.s.v.service.RestCallService          : URL: https://cdn-api.co-vin.in/api/v2/appointment/sessions/public/calendarByDistrict?district_id=314001&date=13-05-2021
2021-05-13 18:51:00.015  INFO 37784 --- [ForkJoinPool.commonPool-worker-23] c.a.s.v.service.RestCallService          : URL: https://cdn-api.co-vin.in/api/v2/appointment/sessions/public/calendarByDistrict?district_id=54&date=13-05-2021
2021-05-13 18:51:00.015  INFO 37784 --- [ForkJoinPool.commonPool-worker-27] c.a.s.v.service.RestCallService          : URL: https://cdn-api.co-vin.in/api/v2/appointment/sessions/public/calendarByDistrict?district_id=54&date=13-05-2021
2021-05-13 18:51:00.015  INFO 37784 --- [ForkJoinPool.commonPool-worker-23] c.a.s.v.service.RestCallService          : Get Vaccination Information call with headers: {} <,[user-agent:"Mozilla/5.0 (Windows NT 10.0; Win64; x64) AppleWebKit/537.36 (KHTML, like Gecko) Chrome/54.0.2840.99 Safari/537.36", Accept:"application/json"]>
2021-05-13 18:51:00.015  INFO 37784 --- [scheduling-1] c.a.s.v.service.RestCallService          : Get Vaccination Information call with headers: {} <,[user-agent:"Mozilla/5.0 (Windows NT 10.0; Win64; x64) AppleWebKit/537.36 (KHTML, like Gecko) Chrome/54.0.2840.99 Safari/537.36", Accept:"application/json"]>
2021-05-13 18:51:00.015  INFO 37784 --- [ForkJoinPool.commonPool-worker-19] c.a.s.v.service.RestCallService          : URL: https://cdn-api.co-vin.in/api/v2/appointment/sessions/public/calendarByDistrict?district_id=314001&date=13-05-2021
2021-05-13 18:51:00.015  INFO 37784 --- [ForkJoinPool.commonPool-worker-9] c.a.s.v.service.RestCallService          : URL: https://cdn-api.co-vin.in/api/v2/appointment/sessions/public/calendarByDistrict?district_id=314001&date=13-05-2021
2021-05-13 18:51:00.016  INFO 37784 --- [ForkJoinPool.commonPool-worker-27] c.a.s.v.service.RestCallService          : Get Vaccination Information call with headers: {} <,[user-agent:"Mozilla/5.0 (Windows NT 10.0; Win64; x64) AppleWebKit/537.36 (KHTML, like Gecko) Chrome/54.0.2840.99 Safari/537.36", Accept:"application/json"]>
2021-05-13 18:51:00.016  INFO 37784 --- [ForkJoinPool.commonPool-worker-19] c.a.s.v.service.RestCallService          : Get Vaccination Information call with headers: {} <,[user-agent:"Mozilla/5.0 (Windows NT 10.0; Win64; x64) AppleWebKit/537.36 (KHTML, like Gecko) Chrome/54.0.2840.99 Safari/537.36", Accept:"application/json"]>
2021-05-13 18:51:00.016  INFO 37784 --- [ForkJoinPool.commonPool-worker-9] c.a.s.v.service.RestCallService          : Get Vaccination Information call with headers: {} <,[user-agent:"Mozilla/5.0 (Windows NT 10.0; Win64; x64) AppleWebKit/537.36 (KHTML, like Gecko) Chrome/54.0.2840.99 Safari/537.36", Accept:"application/json"]>
2021-05-13 18:51:00.123  INFO 37784 --- [scheduling-1] c.a.s.v.service.RestCallService          : Response Received with status: 200 OK
2021-05-13 18:51:00.123  INFO 37784 --- [ForkJoinPool.commonPool-worker-9] c.a.s.v.service.RestCallService          : Response Received with status: 200 OK
2021-05-13 18:51:00.129  INFO 37784 --- [ForkJoinPool.commonPool-worker-27] c.a.s.v.service.RestCallService          : Response Received with status: 200 OK
2021-05-13 18:51:00.129  INFO 37784 --- [ForkJoinPool.commonPool-worker-23] c.a.s.v.service.RestCallService          : Response Received with status: 200 OK
2021-05-13 18:51:00.130  INFO 37784 --- [ForkJoinPool.commonPool-worker-27] c.a.s.v.service.RestCallService          : No Slots Found
2021-05-13 18:51:00.130  INFO 37784 --- [ForkJoinPool.commonPool-worker-23] c.a.s.v.service.RestCallService          : No Slots Found
2021-05-13 18:51:00.140  INFO 37784 --- [ForkJoinPool.commonPool-worker-19] c.a.s.v.service.RestCallService          : Response Received with status: 200 OK
2021-05-13 18:51:30.010  INFO 37784 --- [scheduling-1] c.a.s.v.service.SchedulerService         : Executing Scheduler Service
2021-05-13 18:51:30.016  INFO 37784 --- [scheduling-1] c.a.s.v.service.RestCallService          : URL: https://cdn-api.co-vin.in/api/v2/appointment/sessions/public/calendarByDistrict?district_id=314001&date=13-05-2021
2021-05-13 18:51:30.016  INFO 37784 --- [ForkJoinPool.commonPool-worker-27] c.a.s.v.service.RestCallService          : URL: https://cdn-api.co-vin.in/api/v2/appointment/sessions/public/calendarByDistrict?district_id=314001&date=13-05-2021
2021-05-13 18:51:30.016  INFO 37784 --- [ForkJoinPool.commonPool-worker-9] c.a.s.v.service.RestCallService          : URL: https://cdn-api.co-vin.in/api/v2/appointment/sessions/public/calendarByDistrict?district_id=54&date=13-05-2021
2021-05-13 18:51:30.016  INFO 37784 --- [ForkJoinPool.commonPool-worker-23] c.a.s.v.service.RestCallService          : URL: https://cdn-api.co-vin.in/api/v2/appointment/sessions/public/calendarByDistrict?district_id=54&date=13-05-2021
2021-05-13 18:51:30.016  INFO 37784 --- [ForkJoinPool.commonPool-worker-19] c.a.s.v.service.RestCallService          : URL: https://cdn-api.co-vin.in/api/v2/appointment/sessions/public/calendarByDistrict?district_id=314001&date=13-05-2021
2021-05-13 18:51:30.018  INFO 37784 --- [ForkJoinPool.commonPool-worker-23] c.a.s.v.service.RestCallService          : Get Vaccination Information call with headers: {} <,[user-agent:"Mozilla/5.0 (Windows NT 10.0; Win64; x64) AppleWebKit/537.36 (KHTML, like Gecko) Chrome/54.0.2840.99 Safari/537.36", Accept:"application/json"]>
2021-05-13 18:51:30.018  INFO 37784 --- [ForkJoinPool.commonPool-worker-9] c.a.s.v.service.RestCallService          : Get Vaccination Information call with headers: {} <,[user-agent:"Mozilla/5.0 (Windows NT 10.0; Win64; x64) AppleWebKit/537.36 (KHTML, like Gecko) Chrome/54.0.2840.99 Safari/537.36", Accept:"application/json"]>
2021-05-13 18:51:30.018  INFO 37784 --- [ForkJoinPool.commonPool-worker-19] c.a.s.v.service.RestCallService          : Get Vaccination Information call with headers: {} <,[user-agent:"Mozilla/5.0 (Windows NT 10.0; Win64; x64) AppleWebKit/537.36 (KHTML, like Gecko) Chrome/54.0.2840.99 Safari/537.36", Accept:"application/json"]>
2021-05-13 18:51:30.017  INFO 37784 --- [scheduling-1] c.a.s.v.service.RestCallService          : Get Vaccination Information call with headers: {} <,[user-agent:"Mozilla/5.0 (Windows NT 10.0; Win64; x64) AppleWebKit/537.36 (KHTML, like Gecko) Chrome/54.0.2840.99 Safari/537.36", Accept:"application/json"]>
2021-05-13 18:51:30.017  INFO 37784 --- [ForkJoinPool.commonPool-worker-27] c.a.s.v.service.RestCallService          : Get Vaccination Information call with headers: {} <,[user-agent:"Mozilla/5.0 (Windows NT 10.0; Win64; x64) AppleWebKit/537.36 (KHTML, like Gecko) Chrome/54.0.2840.99 Safari/537.36", Accept:"application/json"]>
2021-05-13 18:51:30.140  INFO 37784 --- [ForkJoinPool.commonPool-worker-23] c.a.s.v.service.RestCallService          : Response Received with status: 200 OK
2021-05-13 18:51:30.141  INFO 37784 --- [ForkJoinPool.commonPool-worker-23] c.a.s.v.service.RestCallService          : No Slots Found
2021-05-13 18:51:30.159  INFO 37784 --- [ForkJoinPool.commonPool-worker-9] c.a.s.v.service.RestCallService          : Response Received with status: 200 OK
2021-05-13 18:51:30.159  INFO 37784 --- [ForkJoinPool.commonPool-worker-9] c.a.s.v.service.RestCallService          : No Slots Found
2021-05-13 18:51:30.208  INFO 37784 --- [ForkJoinPool.commonPool-worker-27] c.a.s.v.service.RestCallService          : Response Received with status: 200 OK
2021-05-13 18:51:30.208  INFO 37784 --- [ForkJoinPool.commonPool-worker-19] c.a.s.v.service.RestCallService          : Response Received with status: 200 OK
2021-05-13 18:51:30.216  INFO 37784 --- [scheduling-1] c.a.s.v.service.RestCallService          : Response Received with status: 200 OK
2021-05-13 18:52:00.002  INFO 37784 --- [scheduling-1] c.a.s.v.service.SchedulerService         : Executing Scheduler Service
2021-05-13 18:52:00.007  INFO 37784 --- [scheduling-1] c.a.s.v.service.RestCallService          : URL: https://cdn-api.co-vin.in/api/v2/appointment/sessions/public/calendarByDistrict?district_id=314001&date=13-05-2021
2021-05-13 18:52:00.007  INFO 37784 --- [ForkJoinPool.commonPool-worker-27] c.a.s.v.service.RestCallService          : URL: https://cdn-api.co-vin.in/api/v2/appointment/sessions/public/calendarByDistrict?district_id=54&date=13-05-2021
2021-05-13 18:52:00.007  INFO 37784 --- [ForkJoinPool.commonPool-worker-19] c.a.s.v.service.RestCallService          : URL: https://cdn-api.co-vin.in/api/v2/appointment/sessions/public/calendarByDistrict?district_id=314001&date=13-05-2021
2021-05-13 18:52:00.008  INFO 37784 --- [ForkJoinPool.commonPool-worker-27] c.a.s.v.service.RestCallService          : Get Vaccination Information call with headers: {} <,[user-agent:"Mozilla/5.0 (Windows NT 10.0; Win64; x64) AppleWebKit/537.36 (KHTML, like Gecko) Chrome/54.0.2840.99 Safari/537.36", Accept:"application/json"]>
2021-05-13 18:52:00.008  INFO 37784 --- [scheduling-1] c.a.s.v.service.RestCallService          : Get Vaccination Information call with headers: {} <,[user-agent:"Mozilla/5.0 (Windows NT 10.0; Win64; x64) AppleWebKit/537.36 (KHTML, like Gecko) Chrome/54.0.2840.99 Safari/537.36", Accept:"application/json"]>
2021-05-13 18:52:00.007  INFO 37784 --- [ForkJoinPool.commonPool-worker-23] c.a.s.v.service.RestCallService          : URL: https://cdn-api.co-vin.in/api/v2/appointment/sessions/public/calendarByDistrict?district_id=54&date=13-05-2021
2021-05-13 18:52:00.007  INFO 37784 --- [ForkJoinPool.commonPool-worker-9] c.a.s.v.service.RestCallService          : URL: https://cdn-api.co-vin.in/api/v2/appointment/sessions/public/calendarByDistrict?district_id=314001&date=13-05-2021
2021-05-13 18:52:00.009  INFO 37784 --- [ForkJoinPool.commonPool-worker-23] c.a.s.v.service.RestCallService          : Get Vaccination Information call with headers: {} <,[user-agent:"Mozilla/5.0 (Windows NT 10.0; Win64; x64) AppleWebKit/537.36 (KHTML, like Gecko) Chrome/54.0.2840.99 Safari/537.36", Accept:"application/json"]>
2021-05-13 18:52:00.009  INFO 37784 --- [ForkJoinPool.commonPool-worker-19] c.a.s.v.service.RestCallService          : Get Vaccination Information call with headers: {} <,[user-agent:"Mozilla/5.0 (Windows NT 10.0; Win64; x64) AppleWebKit/537.36 (KHTML, like Gecko) Chrome/54.0.2840.99 Safari/537.36", Accept:"application/json"]>
2021-05-13 18:52:00.009  INFO 37784 --- [ForkJoinPool.commonPool-worker-9] c.a.s.v.service.RestCallService          : Get Vaccination Information call with headers: {} <,[user-agent:"Mozilla/5.0 (Windows NT 10.0; Win64; x64) AppleWebKit/537.36 (KHTML, like Gecko) Chrome/54.0.2840.99 Safari/537.36", Accept:"application/json"]>
2021-05-13 18:52:00.118  INFO 37784 --- [scheduling-1] c.a.s.v.service.RestCallService          : Response Received with status: 200 OK
2021-05-13 18:52:00.118  INFO 37784 --- [ForkJoinPool.commonPool-worker-19] c.a.s.v.service.RestCallService          : Response Received with status: 200 OK
2021-05-13 18:52:00.122  INFO 37784 --- [ForkJoinPool.commonPool-worker-9] c.a.s.v.service.RestCallService          : Response Received with status: 200 OK
2021-05-13 18:52:00.145  INFO 37784 --- [ForkJoinPool.commonPool-worker-23] c.a.s.v.service.RestCallService          : Response Received with status: 200 OK
2021-05-13 18:52:00.145  INFO 37784 --- [ForkJoinPool.commonPool-worker-23] c.a.s.v.service.RestCallService          : No Slots Found
2021-05-13 18:52:00.161  INFO 37784 --- [ForkJoinPool.commonPool-worker-27] c.a.s.v.service.RestCallService          : Response Received with status: 200 OK
2021-05-13 18:52:00.161  INFO 37784 --- [ForkJoinPool.commonPool-worker-27] c.a.s.v.service.RestCallService          : No Slots Found
2021-05-13 18:52:07.258  INFO 37784 --- [Thread-4] o.s.s.c.ThreadPoolTaskScheduler          : Shutting down ExecutorService 'taskScheduler'
2021-05-13 18:52:07.260  INFO 37784 --- [Thread-4] o.s.s.concurrent.ThreadPoolTaskExecutor  : Shutting down ExecutorService 'threadPoolTaskExecutor'
2021-05-13 18:52:07.261  INFO 37784 --- [Thread-4] j.LocalContainerEntityManagerFactoryBean : Closing JPA EntityManagerFactory for persistence unit 'default'
2021-05-13 18:52:07.268  INFO 37784 --- [Thread-4] com.zaxxer.hikari.HikariDataSource       : HikariPool-1 - Shutdown initiated...
2021-05-13 18:52:07.271  INFO 37784 --- [Thread-4] com.zaxxer.hikari.HikariDataSource       : HikariPool-1 - Shutdown completed.
