2021-05-13 19:32:30.009  INFO 33052 --- [scheduling-1] c.a.s.v.service.SchedulerService         : Executing Scheduler Service
2021-05-13 19:32:30.017  INFO 33052 --- [scheduling-1] c.a.s.v.service.RestCallService          : URL: https://cdn-api.co-vin.in/api/v2/appointment/sessions/public/calendarByDistrict?district_id=314001&date=13-05-2021
2021-05-13 19:32:30.017  INFO 33052 --- [ForkJoinPool.commonPool-worker-27] c.a.s.v.service.RestCallService          : URL: https://cdn-api.co-vin.in/api/v2/appointment/sessions/public/calendarByDistrict?district_id=314001&date=13-05-2021
2021-05-13 19:32:30.017  INFO 33052 --- [ForkJoinPool.commonPool-worker-19] c.a.s.v.service.RestCallService          : URL: https://cdn-api.co-vin.in/api/v2/appointment/sessions/public/calendarByDistrict?district_id=314001&date=13-05-2021
2021-05-13 19:32:30.017  INFO 33052 --- [ForkJoinPool.commonPool-worker-23] c.a.s.v.service.RestCallService          : URL: https://cdn-api.co-vin.in/api/v2/appointment/sessions/public/calendarByDistrict?district_id=253&date=13-05-2021
2021-05-13 19:32:30.019  INFO 33052 --- [ForkJoinPool.commonPool-worker-19] c.a.s.v.service.RestCallService          : Get Vaccination Information call with headers: {} <,[user-agent:"Mozilla/5.0 (Windows NT 10.0; Win64; x64) AppleWebKit/537.36 (KHTML, like Gecko) Chrome/54.0.2840.99 Safari/537.36", Accept:"application/json"]>
2021-05-13 19:32:30.018  INFO 33052 --- [ForkJoinPool.commonPool-worker-27] c.a.s.v.service.RestCallService          : Get Vaccination Information call with headers: {} <,[user-agent:"Mozilla/5.0 (Windows NT 10.0; Win64; x64) AppleWebKit/537.36 (KHTML, like Gecko) Chrome/54.0.2840.99 Safari/537.36", Accept:"application/json"]>
2021-05-13 19:32:30.018  INFO 33052 --- [scheduling-1] c.a.s.v.service.RestCallService          : Get Vaccination Information call with headers: {} <,[user-agent:"Mozilla/5.0 (Windows NT 10.0; Win64; x64) AppleWebKit/537.36 (KHTML, like Gecko) Chrome/54.0.2840.99 Safari/537.36", Accept:"application/json"]>
2021-05-13 19:32:30.019  INFO 33052 --- [ForkJoinPool.commonPool-worker-23] c.a.s.v.service.RestCallService          : Get Vaccination Information call with headers: {} <,[user-agent:"Mozilla/5.0 (Windows NT 10.0; Win64; x64) AppleWebKit/537.36 (KHTML, like Gecko) Chrome/54.0.2840.99 Safari/537.36", Accept:"application/json"]>
2021-05-13 19:32:30.392  INFO 33052 --- [scheduling-1] c.a.s.v.service.RestCallService          : Response Received with status: 200 OK
2021-05-13 19:32:30.392  INFO 33052 --- [ForkJoinPool.commonPool-worker-27] c.a.s.v.service.RestCallService          : Response Received with status: 200 OK
2021-05-13 19:32:30.602  INFO 33052 --- [ForkJoinPool.commonPool-worker-23] c.a.s.v.service.RestCallService          : Response Received with status: 200 OK
2021-05-13 19:32:30.603  INFO 33052 --- [ForkJoinPool.commonPool-worker-23] c.a.s.v.service.RestCallService          : Slots found, sending alerts
2021-05-13 19:32:30.904  INFO 33052 --- [ForkJoinPool.commonPool-worker-19] c.a.s.v.service.RestCallService          : Response Received with status: 200 OK
2021-05-13 19:32:36.042  INFO 33052 --- [ForkJoinPool.commonPool-worker-23] c.a.s.vaccination.service.EmailService   : Email Sent to: mandalagypsy3@gmail.com
2021-05-13 19:33:00.016  INFO 33052 --- [scheduling-1] c.a.s.v.service.SchedulerService         : Executing Scheduler Service
2021-05-13 19:33:00.019  INFO 33052 --- [scheduling-1] c.a.s.v.service.RestCallService          : URL: https://cdn-api.co-vin.in/api/v2/appointment/sessions/public/calendarByDistrict?district_id=314001&date=13-05-2021
2021-05-13 19:33:00.019  INFO 33052 --- [ForkJoinPool.commonPool-worker-5] c.a.s.v.service.RestCallService          : URL: https://cdn-api.co-vin.in/api/v2/appointment/sessions/public/calendarByDistrict?district_id=314001&date=13-05-2021
2021-05-13 19:33:00.019  INFO 33052 --- [ForkJoinPool.commonPool-worker-23] c.a.s.v.service.RestCallService          : URL: https://cdn-api.co-vin.in/api/v2/appointment/sessions/public/calendarByDistrict?district_id=314001&date=13-05-2021
2021-05-13 19:33:00.019  INFO 33052 --- [ForkJoinPool.commonPool-worker-19] c.a.s.v.service.RestCallService          : URL: https://cdn-api.co-vin.in/api/v2/appointment/sessions/public/calendarByDistrict?district_id=253&date=13-05-2021
2021-05-13 19:33:00.019  INFO 33052 --- [ForkJoinPool.commonPool-worker-5] c.a.s.v.service.RestCallService          : Get Vaccination Information call with headers: {} <,[user-agent:"Mozilla/5.0 (Windows NT 10.0; Win64; x64) AppleWebKit/537.36 (KHTML, like Gecko) Chrome/54.0.2840.99 Safari/537.36", Accept:"application/json"]>
2021-05-13 19:33:00.019  INFO 33052 --- [scheduling-1] c.a.s.v.service.RestCallService          : Get Vaccination Information call with headers: {} <,[user-agent:"Mozilla/5.0 (Windows NT 10.0; Win64; x64) AppleWebKit/537.36 (KHTML, like Gecko) Chrome/54.0.2840.99 Safari/537.36", Accept:"application/json"]>
2021-05-13 19:33:00.020  INFO 33052 --- [ForkJoinPool.commonPool-worker-19] c.a.s.v.service.RestCallService          : Get Vaccination Information call with headers: {} <,[user-agent:"Mozilla/5.0 (Windows NT 10.0; Win64; x64) AppleWebKit/537.36 (KHTML, like Gecko) Chrome/54.0.2840.99 Safari/537.36", Accept:"application/json"]>
2021-05-13 19:33:00.020  INFO 33052 --- [ForkJoinPool.commonPool-worker-23] c.a.s.v.service.RestCallService          : Get Vaccination Information call with headers: {} <,[user-agent:"Mozilla/5.0 (Windows NT 10.0; Win64; x64) AppleWebKit/537.36 (KHTML, like Gecko) Chrome/54.0.2840.99 Safari/537.36", Accept:"application/json"]>
2021-05-13 19:33:00.356  INFO 33052 --- [ForkJoinPool.commonPool-worker-5] c.a.s.v.service.RestCallService          : Response Received with status: 200 OK
2021-05-13 19:33:00.685  INFO 33052 --- [ForkJoinPool.commonPool-worker-23] c.a.s.v.service.RestCallService          : Response Received with status: 200 OK
2021-05-13 19:33:01.002  INFO 33052 --- [scheduling-1] c.a.s.v.service.RestCallService          : Response Received with status: 200 OK
2021-05-13 19:33:01.184  INFO 33052 --- [ForkJoinPool.commonPool-worker-19] c.a.s.v.service.RestCallService          : Response Received with status: 200 OK
2021-05-13 19:33:01.184  INFO 33052 --- [ForkJoinPool.commonPool-worker-19] c.a.s.v.service.RestCallService          : Slots found, sending alerts
2021-05-13 19:33:07.336  INFO 33052 --- [ForkJoinPool.commonPool-worker-19] c.a.s.vaccination.service.EmailService   : Email Sent to: mandalagypsy3@gmail.com
2021-05-13 19:33:30.013  INFO 33052 --- [scheduling-1] c.a.s.v.service.SchedulerService         : Executing Scheduler Service
2021-05-13 19:33:30.015  INFO 33052 --- [scheduling-1] c.a.s.v.service.RestCallService          : URL: https://cdn-api.co-vin.in/api/v2/appointment/sessions/public/calendarByDistrict?district_id=314001&date=13-05-2021
2021-05-13 19:33:30.015  INFO 33052 --- [ForkJoinPool.commonPool-worker-23] c.a.s.v.service.RestCallService          : URL: https://cdn-api.co-vin.in/api/v2/appointment/sessions/public/calendarByDistrict?district_id=314001&date=13-05-2021
2021-05-13 19:33:30.015  INFO 33052 --- [ForkJoinPool.commonPool-worker-5] c.a.s.v.service.RestCallService          : URL: https://cdn-api.co-vin.in/api/v2/appointment/sessions/public/calendarByDistrict?district_id=253&date=13-05-2021
2021-05-13 19:33:30.016  INFO 33052 --- [ForkJoinPool.commonPool-worker-23] c.a.s.v.service.RestCallService          : Get Vaccination Information call with headers: {} <,[user-agent:"Mozilla/5.0 (Windows NT 10.0; Win64; x64) AppleWebKit/537.36 (KHTML, like Gecko) Chrome/54.0.2840.99 Safari/537.36", Accept:"application/json"]>
2021-05-13 19:33:30.015  INFO 33052 --- [ForkJoinPool.commonPool-worker-19] c.a.s.v.service.RestCallService          : URL: https://cdn-api.co-vin.in/api/v2/appointment/sessions/public/calendarByDistrict?district_id=314001&date=13-05-2021
2021-05-13 19:33:30.016  INFO 33052 --- [scheduling-1] c.a.s.v.service.RestCallService          : Get Vaccination Information call with headers: {} <,[user-agent:"Mozilla/5.0 (Windows NT 10.0; Win64; x64) AppleWebKit/537.36 (KHTML, like Gecko) Chrome/54.0.2840.99 Safari/537.36", Accept:"application/json"]>
2021-05-13 19:33:30.016  INFO 33052 --- [ForkJoinPool.commonPool-worker-19] c.a.s.v.service.RestCallService          : Get Vaccination Information call with headers: {} <,[user-agent:"Mozilla/5.0 (Windows NT 10.0; Win64; x64) AppleWebKit/537.36 (KHTML, like Gecko) Chrome/54.0.2840.99 Safari/537.36", Accept:"application/json"]>
2021-05-13 19:33:30.016  INFO 33052 --- [ForkJoinPool.commonPool-worker-5] c.a.s.v.service.RestCallService          : Get Vaccination Information call with headers: {} <,[user-agent:"Mozilla/5.0 (Windows NT 10.0; Win64; x64) AppleWebKit/537.36 (KHTML, like Gecko) Chrome/54.0.2840.99 Safari/537.36", Accept:"application/json"]>
2021-05-13 19:33:30.424  INFO 33052 --- [ForkJoinPool.commonPool-worker-19] c.a.s.v.service.RestCallService          : Response Received with status: 200 OK
2021-05-13 19:33:30.544  INFO 33052 --- [scheduling-1] c.a.s.v.service.RestCallService          : Response Received with status: 200 OK
2021-05-13 19:33:30.715  INFO 33052 --- [ForkJoinPool.commonPool-worker-23] c.a.s.v.service.RestCallService          : Response Received with status: 200 OK
2021-05-13 19:33:32.471  INFO 33052 --- [ForkJoinPool.commonPool-worker-5] c.a.s.v.service.RestCallService          : Response Received with status: 200 OK
2021-05-13 19:33:32.472  INFO 33052 --- [ForkJoinPool.commonPool-worker-5] c.a.s.v.service.RestCallService          : Slots found, sending alerts
2021-05-13 19:33:38.344  INFO 33052 --- [ForkJoinPool.commonPool-worker-5] c.a.s.vaccination.service.EmailService   : Email Sent to: mandalagypsy3@gmail.com
2021-05-13 19:34:00.002  INFO 33052 --- [scheduling-1] c.a.s.v.service.SchedulerService         : Executing Scheduler Service
2021-05-13 19:34:00.007  INFO 33052 --- [scheduling-1] c.a.s.v.service.RestCallService          : URL: https://cdn-api.co-vin.in/api/v2/appointment/sessions/public/calendarByDistrict?district_id=314001&date=13-05-2021
2021-05-13 19:34:00.007  INFO 33052 --- [ForkJoinPool.commonPool-worker-23] c.a.s.v.service.RestCallService          : URL: https://cdn-api.co-vin.in/api/v2/appointment/sessions/public/calendarByDistrict?district_id=253&date=13-05-2021
2021-05-13 19:34:00.007  INFO 33052 --- [ForkJoinPool.commonPool-worker-5] c.a.s.v.service.RestCallService          : URL: https://cdn-api.co-vin.in/api/v2/appointment/sessions/public/calendarByDistrict?district_id=314001&date=13-05-2021
2021-05-13 19:34:00.008  INFO 33052 --- [ForkJoinPool.commonPool-worker-23] c.a.s.v.service.RestCallService          : Get Vaccination Information call with headers: {} <,[user-agent:"Mozilla/5.0 (Windows NT 10.0; Win64; x64) AppleWebKit/537.36 (KHTML, like Gecko) Chrome/54.0.2840.99 Safari/537.36", Accept:"application/json"]>
2021-05-13 19:34:00.007  INFO 33052 --- [ForkJoinPool.commonPool-worker-19] c.a.s.v.service.RestCallService          : URL: https://cdn-api.co-vin.in/api/v2/appointment/sessions/public/calendarByDistrict?district_id=314001&date=13-05-2021
2021-05-13 19:34:00.008  INFO 33052 --- [scheduling-1] c.a.s.v.service.RestCallService          : Get Vaccination Information call with headers: {} <,[user-agent:"Mozilla/5.0 (Windows NT 10.0; Win64; x64) AppleWebKit/537.36 (KHTML, like Gecko) Chrome/54.0.2840.99 Safari/537.36", Accept:"application/json"]>
2021-05-13 19:34:00.008  INFO 33052 --- [ForkJoinPool.commonPool-worker-5] c.a.s.v.service.RestCallService          : Get Vaccination Information call with headers: {} <,[user-agent:"Mozilla/5.0 (Windows NT 10.0; Win64; x64) AppleWebKit/537.36 (KHTML, like Gecko) Chrome/54.0.2840.99 Safari/537.36", Accept:"application/json"]>
2021-05-13 19:34:00.009  INFO 33052 --- [ForkJoinPool.commonPool-worker-19] c.a.s.v.service.RestCallService          : Get Vaccination Information call with headers: {} <,[user-agent:"Mozilla/5.0 (Windows NT 10.0; Win64; x64) AppleWebKit/537.36 (KHTML, like Gecko) Chrome/54.0.2840.99 Safari/537.36", Accept:"application/json"]>
2021-05-13 19:34:00.174  INFO 33052 --- [scheduling-1] c.a.s.v.service.RestCallService          : Response Received with status: 200 OK
2021-05-13 19:34:00.214  INFO 33052 --- [ForkJoinPool.commonPool-worker-5] c.a.s.v.service.RestCallService          : Response Received with status: 200 OK
2021-05-13 19:34:00.218  INFO 33052 --- [ForkJoinPool.commonPool-worker-23] c.a.s.v.service.RestCallService          : Response Received with status: 200 OK
2021-05-13 19:34:00.218  INFO 33052 --- [ForkJoinPool.commonPool-worker-23] c.a.s.v.service.RestCallService          : Slots found, sending alerts
2021-05-13 19:34:00.243  INFO 33052 --- [ForkJoinPool.commonPool-worker-19] c.a.s.v.service.RestCallService          : Response Received with status: 200 OK
2021-05-13 19:34:04.211  INFO 33052 --- [ForkJoinPool.commonPool-worker-23] c.a.s.vaccination.service.EmailService   : Email Sent to: mandalagypsy3@gmail.com
2021-05-13 19:34:30.007  INFO 33052 --- [scheduling-1] c.a.s.v.service.SchedulerService         : Executing Scheduler Service
2021-05-13 19:34:30.011  INFO 33052 --- [scheduling-1] c.a.s.v.service.RestCallService          : URL: https://cdn-api.co-vin.in/api/v2/appointment/sessions/public/calendarByDistrict?district_id=314001&date=13-05-2021
2021-05-13 19:34:30.011  INFO 33052 --- [ForkJoinPool.commonPool-worker-23] c.a.s.v.service.RestCallService          : URL: https://cdn-api.co-vin.in/api/v2/appointment/sessions/public/calendarByDistrict?district_id=314001&date=13-05-2021
2021-05-13 19:34:30.011  INFO 33052 --- [scheduling-1] c.a.s.v.service.RestCallService          : Get Vaccination Information call with headers: {} <,[user-agent:"Mozilla/5.0 (Windows NT 10.0; Win64; x64) AppleWebKit/537.36 (KHTML, like Gecko) Chrome/54.0.2840.99 Safari/537.36", Accept:"application/json"]>
2021-05-13 19:34:30.011  INFO 33052 --- [ForkJoinPool.commonPool-worker-5] c.a.s.v.service.RestCallService          : URL: https://cdn-api.co-vin.in/api/v2/appointment/sessions/public/calendarByDistrict?district_id=314001&date=13-05-2021
2021-05-13 19:34:30.011  INFO 33052 --- [ForkJoinPool.commonPool-worker-19] c.a.s.v.service.RestCallService          : URL: https://cdn-api.co-vin.in/api/v2/appointment/sessions/public/calendarByDistrict?district_id=253&date=13-05-2021
2021-05-13 19:34:30.012  INFO 33052 --- [ForkJoinPool.commonPool-worker-23] c.a.s.v.service.RestCallService          : Get Vaccination Information call with headers: {} <,[user-agent:"Mozilla/5.0 (Windows NT 10.0; Win64; x64) AppleWebKit/537.36 (KHTML, like Gecko) Chrome/54.0.2840.99 Safari/537.36", Accept:"application/json"]>
2021-05-13 19:34:30.013  INFO 33052 --- [ForkJoinPool.commonPool-worker-5] c.a.s.v.service.RestCallService          : Get Vaccination Information call with headers: {} <,[user-agent:"Mozilla/5.0 (Windows NT 10.0; Win64; x64) AppleWebKit/537.36 (KHTML, like Gecko) Chrome/54.0.2840.99 Safari/537.36", Accept:"application/json"]>
2021-05-13 19:34:30.013  INFO 33052 --- [ForkJoinPool.commonPool-worker-19] c.a.s.v.service.RestCallService          : Get Vaccination Information call with headers: {} <,[user-agent:"Mozilla/5.0 (Windows NT 10.0; Win64; x64) AppleWebKit/537.36 (KHTML, like Gecko) Chrome/54.0.2840.99 Safari/537.36", Accept:"application/json"]>
2021-05-13 19:34:30.163  INFO 33052 --- [ForkJoinPool.commonPool-worker-5] c.a.s.v.service.RestCallService          : Response Received with status: 200 OK
2021-05-13 19:34:30.163  INFO 33052 --- [scheduling-1] c.a.s.v.service.RestCallService          : Response Received with status: 200 OK
2021-05-13 19:34:30.174  INFO 33052 --- [ForkJoinPool.commonPool-worker-23] c.a.s.v.service.RestCallService          : Response Received with status: 200 OK
2021-05-13 19:34:30.206  INFO 33052 --- [ForkJoinPool.commonPool-worker-19] c.a.s.v.service.RestCallService          : Response Received with status: 200 OK
2021-05-13 19:34:30.207  INFO 33052 --- [ForkJoinPool.commonPool-worker-19] c.a.s.v.service.RestCallService          : Slots found, sending alerts
2021-05-13 19:34:35.082  INFO 33052 --- [ForkJoinPool.commonPool-worker-19] c.a.s.vaccination.service.EmailService   : Email Sent to: mandalagypsy3@gmail.com
2021-05-13 19:35:00.009  INFO 33052 --- [scheduling-1] c.a.s.v.service.SchedulerService         : Executing Scheduler Service
2021-05-13 19:35:00.014  INFO 33052 --- [scheduling-1] c.a.s.v.service.RestCallService          : URL: https://cdn-api.co-vin.in/api/v2/appointment/sessions/public/calendarByDistrict?district_id=314001&date=13-05-2021
2021-05-13 19:35:00.014  INFO 33052 --- [ForkJoinPool.commonPool-worker-19] c.a.s.v.service.RestCallService          : URL: https://cdn-api.co-vin.in/api/v2/appointment/sessions/public/calendarByDistrict?district_id=314001&date=13-05-2021
2021-05-13 19:35:00.014  INFO 33052 --- [ForkJoinPool.commonPool-worker-5] c.a.s.v.service.RestCallService          : URL: https://cdn-api.co-vin.in/api/v2/appointment/sessions/public/calendarByDistrict?district_id=253&date=13-05-2021
2021-05-13 19:35:00.015  INFO 33052 --- [ForkJoinPool.commonPool-worker-19] c.a.s.v.service.RestCallService          : Get Vaccination Information call with headers: {} <,[user-agent:"Mozilla/5.0 (Windows NT 10.0; Win64; x64) AppleWebKit/537.36 (KHTML, like Gecko) Chrome/54.0.2840.99 Safari/537.36", Accept:"application/json"]>
2021-05-13 19:35:00.014  INFO 33052 --- [ForkJoinPool.commonPool-worker-23] c.a.s.v.service.RestCallService          : URL: https://cdn-api.co-vin.in/api/v2/appointment/sessions/public/calendarByDistrict?district_id=314001&date=13-05-2021
2021-05-13 19:35:00.015  INFO 33052 --- [scheduling-1] c.a.s.v.service.RestCallService          : Get Vaccination Information call with headers: {} <,[user-agent:"Mozilla/5.0 (Windows NT 10.0; Win64; x64) AppleWebKit/537.36 (KHTML, like Gecko) Chrome/54.0.2840.99 Safari/537.36", Accept:"application/json"]>
2021-05-13 19:35:00.015  INFO 33052 --- [ForkJoinPool.commonPool-worker-5] c.a.s.v.service.RestCallService          : Get Vaccination Information call with headers: {} <,[user-agent:"Mozilla/5.0 (Windows NT 10.0; Win64; x64) AppleWebKit/537.36 (KHTML, like Gecko) Chrome/54.0.2840.99 Safari/537.36", Accept:"application/json"]>
2021-05-13 19:35:00.016  INFO 33052 --- [ForkJoinPool.commonPool-worker-23] c.a.s.v.service.RestCallService          : Get Vaccination Information call with headers: {} <,[user-agent:"Mozilla/5.0 (Windows NT 10.0; Win64; x64) AppleWebKit/537.36 (KHTML, like Gecko) Chrome/54.0.2840.99 Safari/537.36", Accept:"application/json"]>
2021-05-13 19:35:00.132  INFO 33052 --- [scheduling-1] c.a.s.v.service.RestCallService          : Response Received with status: 200 OK
2021-05-13 19:35:00.135  INFO 33052 --- [ForkJoinPool.commonPool-worker-23] c.a.s.v.service.RestCallService          : Response Received with status: 200 OK
2021-05-13 19:35:00.144  INFO 33052 --- [ForkJoinPool.commonPool-worker-19] c.a.s.v.service.RestCallService          : Response Received with status: 200 OK
2021-05-13 19:35:00.165  INFO 33052 --- [ForkJoinPool.commonPool-worker-5] c.a.s.v.service.RestCallService          : Response Received with status: 200 OK
2021-05-13 19:35:00.166  INFO 33052 --- [ForkJoinPool.commonPool-worker-5] c.a.s.v.service.RestCallService          : Slots found, sending alerts
2021-05-13 19:35:06.444  INFO 33052 --- [ForkJoinPool.commonPool-worker-5] c.a.s.vaccination.service.EmailService   : Email Sent to: mandalagypsy3@gmail.com
2021-05-13 19:35:30.012  INFO 33052 --- [scheduling-1] c.a.s.v.service.SchedulerService         : Executing Scheduler Service
2021-05-13 19:35:30.017  INFO 33052 --- [scheduling-1] c.a.s.v.service.RestCallService          : URL: https://cdn-api.co-vin.in/api/v2/appointment/sessions/public/calendarByDistrict?district_id=314001&date=13-05-2021
2021-05-13 19:35:30.017  INFO 33052 --- [ForkJoinPool.commonPool-worker-23] c.a.s.v.service.RestCallService          : URL: https://cdn-api.co-vin.in/api/v2/appointment/sessions/public/calendarByDistrict?district_id=253&date=13-05-2021
2021-05-13 19:35:30.017  INFO 33052 --- [scheduling-1] c.a.s.v.service.RestCallService          : Get Vaccination Information call with headers: {} <,[user-agent:"Mozilla/5.0 (Windows NT 10.0; Win64; x64) AppleWebKit/537.36 (KHTML, like Gecko) Chrome/54.0.2840.99 Safari/537.36", Accept:"application/json"]>
2021-05-13 19:35:30.017  INFO 33052 --- [ForkJoinPool.commonPool-worker-19] c.a.s.v.service.RestCallService          : URL: https://cdn-api.co-vin.in/api/v2/appointment/sessions/public/calendarByDistrict?district_id=314001&date=13-05-2021
2021-05-13 19:35:30.017  INFO 33052 --- [ForkJoinPool.commonPool-worker-5] c.a.s.v.service.RestCallService          : URL: https://cdn-api.co-vin.in/api/v2/appointment/sessions/public/calendarByDistrict?district_id=314001&date=13-05-2021
2021-05-13 19:35:30.018  INFO 33052 --- [ForkJoinPool.commonPool-worker-23] c.a.s.v.service.RestCallService          : Get Vaccination Information call with headers: {} <,[user-agent:"Mozilla/5.0 (Windows NT 10.0; Win64; x64) AppleWebKit/537.36 (KHTML, like Gecko) Chrome/54.0.2840.99 Safari/537.36", Accept:"application/json"]>
2021-05-13 19:35:30.018  INFO 33052 --- [ForkJoinPool.commonPool-worker-5] c.a.s.v.service.RestCallService          : Get Vaccination Information call with headers: {} <,[user-agent:"Mozilla/5.0 (Windows NT 10.0; Win64; x64) AppleWebKit/537.36 (KHTML, like Gecko) Chrome/54.0.2840.99 Safari/537.36", Accept:"application/json"]>
2021-05-13 19:35:30.018  INFO 33052 --- [ForkJoinPool.commonPool-worker-19] c.a.s.v.service.RestCallService          : Get Vaccination Information call with headers: {} <,[user-agent:"Mozilla/5.0 (Windows NT 10.0; Win64; x64) AppleWebKit/537.36 (KHTML, like Gecko) Chrome/54.0.2840.99 Safari/537.36", Accept:"application/json"]>
2021-05-13 19:35:30.170  INFO 33052 --- [scheduling-1] c.a.s.v.service.RestCallService          : Response Received with status: 200 OK
2021-05-13 19:35:30.334  INFO 33052 --- [ForkJoinPool.commonPool-worker-5] c.a.s.v.service.RestCallService          : Response Received with status: 200 OK
2021-05-13 19:35:30.348  INFO 33052 --- [ForkJoinPool.commonPool-worker-19] c.a.s.v.service.RestCallService          : Response Received with status: 200 OK
2021-05-13 19:35:30.421  INFO 33052 --- [ForkJoinPool.commonPool-worker-23] c.a.s.v.service.RestCallService          : Response Received with status: 200 OK
2021-05-13 19:35:30.422  INFO 33052 --- [ForkJoinPool.commonPool-worker-23] c.a.s.v.service.RestCallService          : Slots found, sending alerts
2021-05-13 19:35:34.682  INFO 33052 --- [ForkJoinPool.commonPool-worker-23] c.a.s.vaccination.service.EmailService   : Email Sent to: mandalagypsy3@gmail.com
2021-05-13 19:36:00.010  INFO 33052 --- [scheduling-1] c.a.s.v.service.SchedulerService         : Executing Scheduler Service
2021-05-13 19:36:00.014  INFO 33052 --- [ForkJoinPool.commonPool-worker-23] c.a.s.v.service.RestCallService          : URL: https://cdn-api.co-vin.in/api/v2/appointment/sessions/public/calendarByDistrict?district_id=314001&date=13-05-2021
2021-05-13 19:36:00.014  INFO 33052 --- [scheduling-1] c.a.s.v.service.RestCallService          : URL: https://cdn-api.co-vin.in/api/v2/appointment/sessions/public/calendarByDistrict?district_id=314001&date=13-05-2021
2021-05-13 19:36:00.014  INFO 33052 --- [ForkJoinPool.commonPool-worker-5] c.a.s.v.service.RestCallService          : URL: https://cdn-api.co-vin.in/api/v2/appointment/sessions/public/calendarByDistrict?district_id=314001&date=13-05-2021
2021-05-13 19:36:00.014  INFO 33052 --- [ForkJoinPool.commonPool-worker-19] c.a.s.v.service.RestCallService          : URL: https://cdn-api.co-vin.in/api/v2/appointment/sessions/public/calendarByDistrict?district_id=253&date=13-05-2021
2021-05-13 19:36:00.015  INFO 33052 --- [scheduling-1] c.a.s.v.service.RestCallService          : Get Vaccination Information call with headers: {} <,[user-agent:"Mozilla/5.0 (Windows NT 10.0; Win64; x64) AppleWebKit/537.36 (KHTML, like Gecko) Chrome/54.0.2840.99 Safari/537.36", Accept:"application/json"]>
2021-05-13 19:36:00.015  INFO 33052 --- [ForkJoinPool.commonPool-worker-23] c.a.s.v.service.RestCallService          : Get Vaccination Information call with headers: {} <,[user-agent:"Mozilla/5.0 (Windows NT 10.0; Win64; x64) AppleWebKit/537.36 (KHTML, like Gecko) Chrome/54.0.2840.99 Safari/537.36", Accept:"application/json"]>
2021-05-13 19:36:00.016  INFO 33052 --- [ForkJoinPool.commonPool-worker-5] c.a.s.v.service.RestCallService          : Get Vaccination Information call with headers: {} <,[user-agent:"Mozilla/5.0 (Windows NT 10.0; Win64; x64) AppleWebKit/537.36 (KHTML, like Gecko) Chrome/54.0.2840.99 Safari/537.36", Accept:"application/json"]>
2021-05-13 19:36:00.016  INFO 33052 --- [ForkJoinPool.commonPool-worker-19] c.a.s.v.service.RestCallService          : Get Vaccination Information call with headers: {} <,[user-agent:"Mozilla/5.0 (Windows NT 10.0; Win64; x64) AppleWebKit/537.36 (KHTML, like Gecko) Chrome/54.0.2840.99 Safari/537.36", Accept:"application/json"]>
2021-05-13 19:36:00.119  INFO 33052 --- [scheduling-1] c.a.s.v.service.RestCallService          : Response Received with status: 200 OK
2021-05-13 19:36:00.129  INFO 33052 --- [ForkJoinPool.commonPool-worker-23] c.a.s.v.service.RestCallService          : Response Received with status: 200 OK
2021-05-13 19:36:00.131  INFO 33052 --- [ForkJoinPool.commonPool-worker-5] c.a.s.v.service.RestCallService          : Response Received with status: 200 OK
2021-05-13 19:36:00.161  INFO 33052 --- [ForkJoinPool.commonPool-worker-19] c.a.s.v.service.RestCallService          : Response Received with status: 200 OK
2021-05-13 19:36:00.161  INFO 33052 --- [ForkJoinPool.commonPool-worker-19] c.a.s.v.service.RestCallService          : Slots found, sending alerts
2021-05-13 19:36:05.097  INFO 33052 --- [ForkJoinPool.commonPool-worker-19] c.a.s.vaccination.service.EmailService   : Email Sent to: mandalagypsy3@gmail.com
2021-05-13 19:36:30.008  INFO 33052 --- [scheduling-1] c.a.s.v.service.SchedulerService         : Executing Scheduler Service
2021-05-13 19:36:30.010  INFO 33052 --- [scheduling-1] c.a.s.v.service.RestCallService          : URL: https://cdn-api.co-vin.in/api/v2/appointment/sessions/public/calendarByDistrict?district_id=314001&date=13-05-2021
2021-05-13 19:36:30.010  INFO 33052 --- [ForkJoinPool.commonPool-worker-5] c.a.s.v.service.RestCallService          : URL: https://cdn-api.co-vin.in/api/v2/appointment/sessions/public/calendarByDistrict?district_id=253&date=13-05-2021
2021-05-13 19:36:30.010  INFO 33052 --- [ForkJoinPool.commonPool-worker-23] c.a.s.v.service.RestCallService          : URL: https://cdn-api.co-vin.in/api/v2/appointment/sessions/public/calendarByDistrict?district_id=314001&date=13-05-2021
2021-05-13 19:36:30.010  INFO 33052 --- [ForkJoinPool.commonPool-worker-19] c.a.s.v.service.RestCallService          : URL: https://cdn-api.co-vin.in/api/v2/appointment/sessions/public/calendarByDistrict?district_id=314001&date=13-05-2021
2021-05-13 19:36:30.011  INFO 33052 --- [ForkJoinPool.commonPool-worker-23] c.a.s.v.service.RestCallService          : Get Vaccination Information call with headers: {} <,[user-agent:"Mozilla/5.0 (Windows NT 10.0; Win64; x64) AppleWebKit/537.36 (KHTML, like Gecko) Chrome/54.0.2840.99 Safari/537.36", Accept:"application/json"]>
2021-05-13 19:36:30.010  INFO 33052 --- [ForkJoinPool.commonPool-worker-5] c.a.s.v.service.RestCallService          : Get Vaccination Information call with headers: {} <,[user-agent:"Mozilla/5.0 (Windows NT 10.0; Win64; x64) AppleWebKit/537.36 (KHTML, like Gecko) Chrome/54.0.2840.99 Safari/537.36", Accept:"application/json"]>
2021-05-13 19:36:30.011  INFO 33052 --- [ForkJoinPool.commonPool-worker-19] c.a.s.v.service.RestCallService          : Get Vaccination Information call with headers: {} <,[user-agent:"Mozilla/5.0 (Windows NT 10.0; Win64; x64) AppleWebKit/537.36 (KHTML, like Gecko) Chrome/54.0.2840.99 Safari/537.36", Accept:"application/json"]>
2021-05-13 19:36:30.010  INFO 33052 --- [scheduling-1] c.a.s.v.service.RestCallService          : Get Vaccination Information call with headers: {} <,[user-agent:"Mozilla/5.0 (Windows NT 10.0; Win64; x64) AppleWebKit/537.36 (KHTML, like Gecko) Chrome/54.0.2840.99 Safari/537.36", Accept:"application/json"]>
2021-05-13 19:36:30.183  INFO 33052 --- [ForkJoinPool.commonPool-worker-5] c.a.s.v.service.RestCallService          : Response Received with status: 200 OK
2021-05-13 19:36:30.184  INFO 33052 --- [ForkJoinPool.commonPool-worker-5] c.a.s.v.service.RestCallService          : Slots found, sending alerts
2021-05-13 19:36:30.184  INFO 33052 --- [scheduling-1] c.a.s.v.service.RestCallService          : Response Received with status: 200 OK
2021-05-13 19:36:30.190  INFO 33052 --- [ForkJoinPool.commonPool-worker-23] c.a.s.v.service.RestCallService          : Response Received with status: 200 OK
2021-05-13 19:36:30.190  INFO 33052 --- [ForkJoinPool.commonPool-worker-19] c.a.s.v.service.RestCallService          : Response Received with status: 200 OK
2021-05-13 19:36:34.367  INFO 33052 --- [ForkJoinPool.commonPool-worker-5] c.a.s.vaccination.service.EmailService   : Email Sent to: mandalagypsy3@gmail.com
2021-05-13 19:37:00.005  INFO 33052 --- [scheduling-1] c.a.s.v.service.SchedulerService         : Executing Scheduler Service
2021-05-13 19:37:00.008  INFO 33052 --- [scheduling-1] c.a.s.v.service.RestCallService          : URL: https://cdn-api.co-vin.in/api/v2/appointment/sessions/public/calendarByDistrict?district_id=314001&date=13-05-2021
2021-05-13 19:37:00.008  INFO 33052 --- [ForkJoinPool.commonPool-worker-23] c.a.s.v.service.RestCallService          : URL: https://cdn-api.co-vin.in/api/v2/appointment/sessions/public/calendarByDistrict?district_id=253&date=13-05-2021
2021-05-13 19:37:00.008  INFO 33052 --- [ForkJoinPool.commonPool-worker-19] c.a.s.v.service.RestCallService          : URL: https://cdn-api.co-vin.in/api/v2/appointment/sessions/public/calendarByDistrict?district_id=314001&date=13-05-2021
2021-05-13 19:37:00.008  INFO 33052 --- [ForkJoinPool.commonPool-worker-5] c.a.s.v.service.RestCallService          : URL: https://cdn-api.co-vin.in/api/v2/appointment/sessions/public/calendarByDistrict?district_id=314001&date=13-05-2021
2021-05-13 19:37:00.010  INFO 33052 --- [ForkJoinPool.commonPool-worker-23] c.a.s.v.service.RestCallService          : Get Vaccination Information call with headers: {} <,[user-agent:"Mozilla/5.0 (Windows NT 10.0; Win64; x64) AppleWebKit/537.36 (KHTML, like Gecko) Chrome/54.0.2840.99 Safari/537.36", Accept:"application/json"]>
2021-05-13 19:37:00.009  INFO 33052 --- [scheduling-1] c.a.s.v.service.RestCallService          : Get Vaccination Information call with headers: {} <,[user-agent:"Mozilla/5.0 (Windows NT 10.0; Win64; x64) AppleWebKit/537.36 (KHTML, like Gecko) Chrome/54.0.2840.99 Safari/537.36", Accept:"application/json"]>
2021-05-13 19:37:00.010  INFO 33052 --- [ForkJoinPool.commonPool-worker-5] c.a.s.v.service.RestCallService          : Get Vaccination Information call with headers: {} <,[user-agent:"Mozilla/5.0 (Windows NT 10.0; Win64; x64) AppleWebKit/537.36 (KHTML, like Gecko) Chrome/54.0.2840.99 Safari/537.36", Accept:"application/json"]>
2021-05-13 19:37:00.010  INFO 33052 --- [ForkJoinPool.commonPool-worker-19] c.a.s.v.service.RestCallService          : Get Vaccination Information call with headers: {} <,[user-agent:"Mozilla/5.0 (Windows NT 10.0; Win64; x64) AppleWebKit/537.36 (KHTML, like Gecko) Chrome/54.0.2840.99 Safari/537.36", Accept:"application/json"]>
2021-05-13 19:37:00.144  INFO 33052 --- [ForkJoinPool.commonPool-worker-19] c.a.s.v.service.RestCallService          : Response Received with status: 200 OK
2021-05-13 19:37:00.161  INFO 33052 --- [scheduling-1] c.a.s.v.service.RestCallService          : Response Received with status: 200 OK
2021-05-13 19:37:00.161  INFO 33052 --- [ForkJoinPool.commonPool-worker-5] c.a.s.v.service.RestCallService          : Response Received with status: 200 OK
2021-05-13 19:37:00.168  INFO 33052 --- [ForkJoinPool.commonPool-worker-23] c.a.s.v.service.RestCallService          : Response Received with status: 200 OK
2021-05-13 19:37:00.168  INFO 33052 --- [ForkJoinPool.commonPool-worker-23] c.a.s.v.service.RestCallService          : Slots found, sending alerts
2021-05-13 19:37:04.112  INFO 33052 --- [ForkJoinPool.commonPool-worker-23] c.a.s.vaccination.service.EmailService   : Email Sent to: mandalagypsy3@gmail.com
2021-05-13 19:37:30.013  INFO 33052 --- [scheduling-1] c.a.s.v.service.SchedulerService         : Executing Scheduler Service
2021-05-13 19:37:30.016  INFO 33052 --- [scheduling-1] c.a.s.v.service.RestCallService          : URL: https://cdn-api.co-vin.in/api/v2/appointment/sessions/public/calendarByDistrict?district_id=314001&date=13-05-2021
2021-05-13 19:37:30.017  INFO 33052 --- [ForkJoinPool.commonPool-worker-19] c.a.s.v.service.RestCallService          : URL: https://cdn-api.co-vin.in/api/v2/appointment/sessions/public/calendarByDistrict?district_id=314001&date=13-05-2021
2021-05-13 19:37:30.017  INFO 33052 --- [ForkJoinPool.commonPool-worker-23] c.a.s.v.service.RestCallService          : URL: https://cdn-api.co-vin.in/api/v2/appointment/sessions/public/calendarByDistrict?district_id=314001&date=13-05-2021
2021-05-13 19:37:30.017  INFO 33052 --- [scheduling-1] c.a.s.v.service.RestCallService          : Get Vaccination Information call with headers: {} <,[user-agent:"Mozilla/5.0 (Windows NT 10.0; Win64; x64) AppleWebKit/537.36 (KHTML, like Gecko) Chrome/54.0.2840.99 Safari/537.36", Accept:"application/json"]>
2021-05-13 19:37:30.017  INFO 33052 --- [ForkJoinPool.commonPool-worker-5] c.a.s.v.service.RestCallService          : URL: https://cdn-api.co-vin.in/api/v2/appointment/sessions/public/calendarByDistrict?district_id=253&date=13-05-2021
2021-05-13 19:37:30.017  INFO 33052 --- [ForkJoinPool.commonPool-worker-19] c.a.s.v.service.RestCallService          : Get Vaccination Information call with headers: {} <,[user-agent:"Mozilla/5.0 (Windows NT 10.0; Win64; x64) AppleWebKit/537.36 (KHTML, like Gecko) Chrome/54.0.2840.99 Safari/537.36", Accept:"application/json"]>
2021-05-13 19:37:30.018  INFO 33052 --- [ForkJoinPool.commonPool-worker-5] c.a.s.v.service.RestCallService          : Get Vaccination Information call with headers: {} <,[user-agent:"Mozilla/5.0 (Windows NT 10.0; Win64; x64) AppleWebKit/537.36 (KHTML, like Gecko) Chrome/54.0.2840.99 Safari/537.36", Accept:"application/json"]>
2021-05-13 19:37:30.017  INFO 33052 --- [ForkJoinPool.commonPool-worker-23] c.a.s.v.service.RestCallService          : Get Vaccination Information call with headers: {} <,[user-agent:"Mozilla/5.0 (Windows NT 10.0; Win64; x64) AppleWebKit/537.36 (KHTML, like Gecko) Chrome/54.0.2840.99 Safari/537.36", Accept:"application/json"]>
2021-05-13 19:37:30.157  INFO 33052 --- [ForkJoinPool.commonPool-worker-19] c.a.s.v.service.RestCallService          : Response Received with status: 200 OK
2021-05-13 19:37:30.162  INFO 33052 --- [scheduling-1] c.a.s.v.service.RestCallService          : Response Received with status: 200 OK
2021-05-13 19:37:30.165  INFO 33052 --- [ForkJoinPool.commonPool-worker-23] c.a.s.v.service.RestCallService          : Response Received with status: 200 OK
2021-05-13 19:37:30.190  INFO 33052 --- [ForkJoinPool.commonPool-worker-5] c.a.s.v.service.RestCallService          : Response Received with status: 200 OK
2021-05-13 19:37:30.191  INFO 33052 --- [ForkJoinPool.commonPool-worker-5] c.a.s.v.service.RestCallService          : Slots found, sending alerts
2021-05-13 19:37:34.142  INFO 33052 --- [ForkJoinPool.commonPool-worker-5] c.a.s.vaccination.service.EmailService   : Email Sent to: mandalagypsy3@gmail.com
2021-05-13 19:38:00.013  INFO 33052 --- [scheduling-1] c.a.s.v.service.SchedulerService         : Executing Scheduler Service
2021-05-13 19:38:00.015  INFO 33052 --- [scheduling-1] c.a.s.v.service.RestCallService          : URL: https://cdn-api.co-vin.in/api/v2/appointment/sessions/public/calendarByDistrict?district_id=314001&date=13-05-2021
2021-05-13 19:38:00.015  INFO 33052 --- [ForkJoinPool.commonPool-worker-19] c.a.s.v.service.RestCallService          : URL: https://cdn-api.co-vin.in/api/v2/appointment/sessions/public/calendarByDistrict?district_id=314001&date=13-05-2021
2021-05-13 19:38:00.015  INFO 33052 --- [ForkJoinPool.commonPool-worker-5] c.a.s.v.service.RestCallService          : URL: https://cdn-api.co-vin.in/api/v2/appointment/sessions/public/calendarByDistrict?district_id=314001&date=13-05-2021
2021-05-13 19:38:00.015  INFO 33052 --- [ForkJoinPool.commonPool-worker-23] c.a.s.v.service.RestCallService          : URL: https://cdn-api.co-vin.in/api/v2/appointment/sessions/public/calendarByDistrict?district_id=253&date=13-05-2021
2021-05-13 19:38:00.016  INFO 33052 --- [ForkJoinPool.commonPool-worker-19] c.a.s.v.service.RestCallService          : Get Vaccination Information call with headers: {} <,[user-agent:"Mozilla/5.0 (Windows NT 10.0; Win64; x64) AppleWebKit/537.36 (KHTML, like Gecko) Chrome/54.0.2840.99 Safari/537.36", Accept:"application/json"]>
2021-05-13 19:38:00.016  INFO 33052 --- [scheduling-1] c.a.s.v.service.RestCallService          : Get Vaccination Information call with headers: {} <,[user-agent:"Mozilla/5.0 (Windows NT 10.0; Win64; x64) AppleWebKit/537.36 (KHTML, like Gecko) Chrome/54.0.2840.99 Safari/537.36", Accept:"application/json"]>
2021-05-13 19:38:00.016  INFO 33052 --- [ForkJoinPool.commonPool-worker-5] c.a.s.v.service.RestCallService          : Get Vaccination Information call with headers: {} <,[user-agent:"Mozilla/5.0 (Windows NT 10.0; Win64; x64) AppleWebKit/537.36 (KHTML, like Gecko) Chrome/54.0.2840.99 Safari/537.36", Accept:"application/json"]>
2021-05-13 19:38:00.016  INFO 33052 --- [ForkJoinPool.commonPool-worker-23] c.a.s.v.service.RestCallService          : Get Vaccination Information call with headers: {} <,[user-agent:"Mozilla/5.0 (Windows NT 10.0; Win64; x64) AppleWebKit/537.36 (KHTML, like Gecko) Chrome/54.0.2840.99 Safari/537.36", Accept:"application/json"]>
2021-05-13 19:38:00.136  INFO 33052 --- [scheduling-1] c.a.s.v.service.RestCallService          : Response Received with status: 200 OK
2021-05-13 19:38:00.151  INFO 33052 --- [ForkJoinPool.commonPool-worker-5] c.a.s.v.service.RestCallService          : Response Received with status: 200 OK
2021-05-13 19:38:00.151  INFO 33052 --- [ForkJoinPool.commonPool-worker-19] c.a.s.v.service.RestCallService          : Response Received with status: 200 OK
2021-05-13 19:38:00.196  INFO 33052 --- [ForkJoinPool.commonPool-worker-23] c.a.s.v.service.RestCallService          : Response Received with status: 200 OK
2021-05-13 19:38:00.197  INFO 33052 --- [ForkJoinPool.commonPool-worker-23] c.a.s.v.service.RestCallService          : Slots found, sending alerts
2021-05-13 19:38:04.037  INFO 33052 --- [ForkJoinPool.commonPool-worker-23] c.a.s.vaccination.service.EmailService   : Email Sent to: mandalagypsy3@gmail.com
2021-05-13 19:38:30.007  INFO 33052 --- [scheduling-1] c.a.s.v.service.SchedulerService         : Executing Scheduler Service
2021-05-13 19:38:30.009  INFO 33052 --- [scheduling-1] c.a.s.v.service.RestCallService          : URL: https://cdn-api.co-vin.in/api/v2/appointment/sessions/public/calendarByDistrict?district_id=314001&date=13-05-2021
2021-05-13 19:38:30.009  INFO 33052 --- [ForkJoinPool.commonPool-worker-19] c.a.s.v.service.RestCallService          : URL: https://cdn-api.co-vin.in/api/v2/appointment/sessions/public/calendarByDistrict?district_id=253&date=13-05-2021
2021-05-13 19:38:30.010  INFO 33052 --- [scheduling-1] c.a.s.v.service.RestCallService          : Get Vaccination Information call with headers: {} <,[user-agent:"Mozilla/5.0 (Windows NT 10.0; Win64; x64) AppleWebKit/537.36 (KHTML, like Gecko) Chrome/54.0.2840.99 Safari/537.36", Accept:"application/json"]>
2021-05-13 19:38:30.009  INFO 33052 --- [ForkJoinPool.commonPool-worker-5] c.a.s.v.service.RestCallService          : URL: https://cdn-api.co-vin.in/api/v2/appointment/sessions/public/calendarByDistrict?district_id=314001&date=13-05-2021
2021-05-13 19:38:30.009  INFO 33052 --- [ForkJoinPool.commonPool-worker-23] c.a.s.v.service.RestCallService          : URL: https://cdn-api.co-vin.in/api/v2/appointment/sessions/public/calendarByDistrict?district_id=314001&date=13-05-2021
2021-05-13 19:38:30.011  INFO 33052 --- [ForkJoinPool.commonPool-worker-5] c.a.s.v.service.RestCallService          : Get Vaccination Information call with headers: {} <,[user-agent:"Mozilla/5.0 (Windows NT 10.0; Win64; x64) AppleWebKit/537.36 (KHTML, like Gecko) Chrome/54.0.2840.99 Safari/537.36", Accept:"application/json"]>
2021-05-13 19:38:30.011  INFO 33052 --- [ForkJoinPool.commonPool-worker-19] c.a.s.v.service.RestCallService          : Get Vaccination Information call with headers: {} <,[user-agent:"Mozilla/5.0 (Windows NT 10.0; Win64; x64) AppleWebKit/537.36 (KHTML, like Gecko) Chrome/54.0.2840.99 Safari/537.36", Accept:"application/json"]>
2021-05-13 19:38:30.011  INFO 33052 --- [ForkJoinPool.commonPool-worker-23] c.a.s.v.service.RestCallService          : Get Vaccination Information call with headers: {} <,[user-agent:"Mozilla/5.0 (Windows NT 10.0; Win64; x64) AppleWebKit/537.36 (KHTML, like Gecko) Chrome/54.0.2840.99 Safari/537.36", Accept:"application/json"]>
2021-05-13 19:38:30.160  INFO 33052 --- [ForkJoinPool.commonPool-worker-23] c.a.s.v.service.RestCallService          : Response Received with status: 200 OK
2021-05-13 19:38:30.161  INFO 33052 --- [scheduling-1] c.a.s.v.service.RestCallService          : Response Received with status: 200 OK
2021-05-13 19:38:30.162  INFO 33052 --- [ForkJoinPool.commonPool-worker-5] c.a.s.v.service.RestCallService          : Response Received with status: 200 OK
2021-05-13 19:38:30.172  INFO 33052 --- [ForkJoinPool.commonPool-worker-19] c.a.s.v.service.RestCallService          : Response Received with status: 200 OK
2021-05-13 19:38:30.172  INFO 33052 --- [ForkJoinPool.commonPool-worker-19] c.a.s.v.service.RestCallService          : Slots found, sending alerts
2021-05-13 19:38:34.087  INFO 33052 --- [ForkJoinPool.commonPool-worker-19] c.a.s.vaccination.service.EmailService   : Email Sent to: mandalagypsy3@gmail.com
2021-05-13 19:39:00.010  INFO 33052 --- [scheduling-1] c.a.s.v.service.SchedulerService         : Executing Scheduler Service
2021-05-13 19:39:00.013  INFO 33052 --- [scheduling-1] c.a.s.v.service.RestCallService          : URL: https://cdn-api.co-vin.in/api/v2/appointment/sessions/public/calendarByDistrict?district_id=314001&date=13-05-2021
2021-05-13 19:39:00.013  INFO 33052 --- [ForkJoinPool.commonPool-worker-23] c.a.s.v.service.RestCallService          : URL: https://cdn-api.co-vin.in/api/v2/appointment/sessions/public/calendarByDistrict?district_id=314001&date=13-05-2021
2021-05-13 19:39:00.013  INFO 33052 --- [ForkJoinPool.commonPool-worker-19] c.a.s.v.service.RestCallService          : URL: https://cdn-api.co-vin.in/api/v2/appointment/sessions/public/calendarByDistrict?district_id=314001&date=13-05-2021
2021-05-13 19:39:00.013  INFO 33052 --- [ForkJoinPool.commonPool-worker-5] c.a.s.v.service.RestCallService          : URL: https://cdn-api.co-vin.in/api/v2/appointment/sessions/public/calendarByDistrict?district_id=253&date=13-05-2021
2021-05-13 19:39:00.014  INFO 33052 --- [ForkJoinPool.commonPool-worker-23] c.a.s.v.service.RestCallService          : Get Vaccination Information call with headers: {} <,[user-agent:"Mozilla/5.0 (Windows NT 10.0; Win64; x64) AppleWebKit/537.36 (KHTML, like Gecko) Chrome/54.0.2840.99 Safari/537.36", Accept:"application/json"]>
2021-05-13 19:39:00.014  INFO 33052 --- [ForkJoinPool.commonPool-worker-5] c.a.s.v.service.RestCallService          : Get Vaccination Information call with headers: {} <,[user-agent:"Mozilla/5.0 (Windows NT 10.0; Win64; x64) AppleWebKit/537.36 (KHTML, like Gecko) Chrome/54.0.2840.99 Safari/537.36", Accept:"application/json"]>
2021-05-13 19:39:00.014  INFO 33052 --- [ForkJoinPool.commonPool-worker-19] c.a.s.v.service.RestCallService          : Get Vaccination Information call with headers: {} <,[user-agent:"Mozilla/5.0 (Windows NT 10.0; Win64; x64) AppleWebKit/537.36 (KHTML, like Gecko) Chrome/54.0.2840.99 Safari/537.36", Accept:"application/json"]>
2021-05-13 19:39:00.014  INFO 33052 --- [scheduling-1] c.a.s.v.service.RestCallService          : Get Vaccination Information call with headers: {} <,[user-agent:"Mozilla/5.0 (Windows NT 10.0; Win64; x64) AppleWebKit/537.36 (KHTML, like Gecko) Chrome/54.0.2840.99 Safari/537.36", Accept:"application/json"]>
2021-05-13 19:39:00.132  INFO 33052 --- [ForkJoinPool.commonPool-worker-23] c.a.s.v.service.RestCallService          : Response Received with status: 200 OK
2021-05-13 19:39:00.133  INFO 33052 --- [scheduling-1] c.a.s.v.service.RestCallService          : Response Received with status: 200 OK
2021-05-13 19:39:00.133  INFO 33052 --- [ForkJoinPool.commonPool-worker-19] c.a.s.v.service.RestCallService          : Response Received with status: 200 OK
2021-05-13 19:39:00.193  INFO 33052 --- [ForkJoinPool.commonPool-worker-5] c.a.s.v.service.RestCallService          : Response Received with status: 200 OK
2021-05-13 19:39:00.194  INFO 33052 --- [ForkJoinPool.commonPool-worker-5] c.a.s.v.service.RestCallService          : Slots found, sending alerts
2021-05-13 19:39:04.547  INFO 33052 --- [ForkJoinPool.commonPool-worker-5] c.a.s.vaccination.service.EmailService   : Email Sent to: mandalagypsy3@gmail.com
2021-05-13 19:39:23.705  INFO 33052 --- [RMI TCP Connection(30)-127.0.0.1] inMXBeanRegistrar$SpringApplicationAdmin : Application shutdown requested.
2021-05-13 19:39:23.734  INFO 33052 --- [RMI TCP Connection(30)-127.0.0.1] o.s.s.c.ThreadPoolTaskScheduler          : Shutting down ExecutorService 'taskScheduler'
2021-05-13 19:39:23.735  INFO 33052 --- [RMI TCP Connection(30)-127.0.0.1] o.s.s.concurrent.ThreadPoolTaskExecutor  : Shutting down ExecutorService 'threadPoolTaskExecutor'
2021-05-13 19:39:23.736  INFO 33052 --- [RMI TCP Connection(30)-127.0.0.1] j.LocalContainerEntityManagerFactoryBean : Closing JPA EntityManagerFactory for persistence unit 'default'
2021-05-13 19:39:23.740  INFO 33052 --- [RMI TCP Connection(30)-127.0.0.1] com.zaxxer.hikari.HikariDataSource       : HikariPool-1 - Shutdown initiated...
2021-05-13 19:39:23.743  INFO 33052 --- [RMI TCP Connection(30)-127.0.0.1] com.zaxxer.hikari.HikariDataSource       : HikariPool-1 - Shutdown completed.
